ffmpeg version 2023-05-04-git-4006c71d19-essentials_build-www.gyan.dev Copyright (c) 2000-2023 the FFmpeg developers
  built with gcc 12.2.0 (Rev10, Built by MSYS2 project)
  configuration: --enable-gpl --enable-version3 --enable-static --disable-w32threads --disable-autodetect --enable-fontconfig --enable-iconv --enable-gnutls --enable-libxml2 --enable-gmp --enable-bzlib --enable-lzma --enable-zlib --enable-libsrt --enable-libssh --enable-libzmq --enable-avisynth --enable-sdl2 --enable-libwebp --enable-libx264 --enable-libx265 --enable-libxvid --enable-libaom --enable-libopenjpeg --enable-libvpx --enable-mediafoundation --enable-libass --enable-libfreetype --enable-libfribidi --enable-libvidstab --enable-libvmaf --enable-libzimg --enable-amf --enable-cuda-llvm --enable-cuvid --enable-ffnvcodec --enable-nvdec --enable-nvenc --enable-d3d11va --enable-dxva2 --enable-libvpl --enable-libgme --enable-libopenmpt --enable-libopencore-amrwb --enable-libmp3lame --enable-libtheora --enable-libvo-amrwbenc --enable-libgsm --enable-libopencore-amrnb --enable-libopus --enable-libspeex --enable-libvorbis --enable-librubberband
  libavutil      58.  6.100 / 58.  6.100
  libavcodec     60. 10.100 / 60. 10.100
  libavformat    60.  5.100 / 60.  5.100
  libavdevice    60.  2.100 / 60.  2.100
  libavfilter     9.  7.100 /  9.  7.100
  libswscale      7.  2.100 /  7.  2.100
  libswresample   4. 11.100 /  4. 11.100
  libpostproc    57.  2.100 / 57.  2.100
Splitting the commandline.
Reading option '-v' ... matched as option 'v' (set logging level) with argument 'debug'.
Reading option '-nostdin' ... matched as option 'stdin' (enable or disable interaction on standard input) with argument 0.
Reading option '-progress' ... matched as option 'progress' (write program-readable progress information) with argument 'C:/Users/Rafio/AppData/Local/Temp/KritaFFmpegProgress.taeCXs'.
Reading option '-r' ... matched as option 'r' (set frame rate (Hz value, fraction or abbreviation)) with argument '30'.
Reading option '-start_number' ... matched as AVOption 'start_number' with argument '0'.
Reading option '-i' ... matched as input url with argument 'C:/Users/Rafio/Documents/Drawings/PitbullAnimations/IdleFoxS%04d.png'.
Reading option '-crf' ... matched as AVOption 'crf' with argument '23'.
Reading option '-preset' ... matched as AVOption 'preset' with argument 'medium'.
Reading option '-profile:v' ... matched as option 'profile' (set profile) with argument 'baseline'.
Reading option '-pix_fmt' ... matched as option 'pix_fmt' (set pixel format) with argument 'yuv420p'.
Reading option '-y' ... matched as option 'y' (overwrite output files) with argument '1'.
Reading option 'C:/Users/Rafio/Documents/Drawings/PitbullAnimations/PREIdlePitbullS.mp4' ... matched as output url.
Finished splitting the commandline.
Parsing a group of options: global .
Applying option v (set logging level) with argument debug.
Applying option nostdin (enable or disable interaction on standard input) with argument 0.
Applying option progress (write program-readable progress information) with argument C:/Users/Rafio/AppData/Local/Temp/KritaFFmpegProgress.taeCXs.
[file @ 000001ea0899b6c0] Setting default whitelist 'file,crypto,data'
Applying option y (overwrite output files) with argument 1.
Successfully parsed a group of options.
Parsing a group of options: input url C:/Users/Rafio/Documents/Drawings/PitbullAnimations/IdleFoxS%04d.png.
Applying option r (set frame rate (Hz value, fraction or abbreviation)) with argument 30.
Successfully parsed a group of options.
Opening an input file: C:/Users/Rafio/Documents/Drawings/PitbullAnimations/IdleFoxS%04d.png.
[image2 @ 000001ea0899bcc0] Opening 'C:/Users/Rafio/Documents/Drawings/PitbullAnimations/IdleFoxS0000.png' for reading
[file @ 000001ea089e1d00] Setting default whitelist 'file,crypto,data'
[AVIOContext @ 000001ea089e9ec0] Statistics: 1188 bytes read, 0 seeks
[image2 @ 000001ea0899bcc0] Opening 'C:/Users/Rafio/Documents/Drawings/PitbullAnimations/IdleFoxS0001.png' for reading
[file @ 000001ea089ea680] Setting default whitelist 'file,crypto,data'
[AVIOContext @ 000001ea089fb440] Statistics: 1188 bytes read, 0 seeks
[image2 @ 000001ea0899bcc0] Opening 'C:/Users/Rafio/Documents/Drawings/PitbullAnimations/IdleFoxS0002.png' for reading
[file @ 000001ea089ea680] Setting default whitelist 'file,crypto,data'
[AVIOContext @ 000001ea089fb440] Statistics: 1188 bytes read, 0 seeks
[image2 @ 000001ea0899bcc0] Opening 'C:/Users/Rafio/Documents/Drawings/PitbullAnimations/IdleFoxS0003.png' for reading
[file @ 000001ea089e8800] Setting default whitelist 'file,crypto,data'
[AVIOContext @ 000001ea089fb440] Statistics: 1188 bytes read, 0 seeks
[image2 @ 000001ea0899bcc0] Opening 'C:/Users/Rafio/Documents/Drawings/PitbullAnimations/IdleFoxS0004.png' for reading
[file @ 000001ea089e8f00] Setting default whitelist 'file,crypto,data'
[AVIOContext @ 000001ea089fb440] Statistics: 1188 bytes read, 0 seeks
[image2 @ 000001ea0899bcc0] Opening 'C:/Users/Rafio/Documents/Drawings/PitbullAnimations/IdleFoxS0005.png' for reading
[file @ 000001ea089e9640] Setting default whitelist 'file,crypto,data'
[AVIOContext @ 000001ea089fb440] Statistics: 1188 bytes read, 0 seeks
[image2 @ 000001ea0899bcc0] Opening 'C:/Users/Rafio/Documents/Drawings/PitbullAnimations/IdleFoxS0006.png' for reading
[file @ 000001ea089e9d80] Setting default whitelist 'file,crypto,data'
[AVIOContext @ 000001ea089fb440] Statistics: 1188 bytes read, 0 seeks
[image2 @ 000001ea0899bcc0] Opening 'C:/Users/Rafio/Documents/Drawings/PitbullAnimations/IdleFoxS0007.png' for reading
[file @ 000001ea089e9d80] Setting default whitelist 'file,crypto,data'
[AVIOContext @ 000001ea089fb440] Statistics: 1188 bytes read, 0 seeks
[image2 @ 000001ea0899bcc0] Opening 'C:/Users/Rafio/Documents/Drawings/PitbullAnimations/IdleFoxS0008.png' for reading
[file @ 000001ea089e9d80] Setting default whitelist 'file,crypto,data'
[AVIOContext @ 000001ea089fb440] Statistics: 1188 bytes read, 0 seeks
[image2 @ 000001ea0899bcc0] Opening 'C:/Users/Rafio/Documents/Drawings/PitbullAnimations/IdleFoxS0009.png' for reading
[file @ 000001ea089e9d80] Setting default whitelist 'file,crypto,data'
[AVIOContext @ 000001ea08a05c80] Statistics: 1188 bytes read, 0 seeks
[image2 @ 000001ea0899bcc0] Opening 'C:/Users/Rafio/Documents/Drawings/PitbullAnimations/IdleFoxS0010.png' for reading
[file @ 000001ea089e9d80] Setting default whitelist 'file,crypto,data'
[AVIOContext @ 000001ea08a05c80] Statistics: 1196 bytes read, 0 seeks
[image2 @ 000001ea0899bcc0] Opening 'C:/Users/Rafio/Documents/Drawings/PitbullAnimations/IdleFoxS0011.png' for reading
[file @ 000001ea089e9d80] Setting default whitelist 'file,crypto,data'
[AVIOContext @ 000001ea08a05c80] Statistics: 1196 bytes read, 0 seeks
[image2 @ 000001ea0899bcc0] Opening 'C:/Users/Rafio/Documents/Drawings/PitbullAnimations/IdleFoxS0012.png' for reading
[file @ 000001ea089e9d80] Setting default whitelist 'file,crypto,data'
[AVIOContext @ 000001ea08a05c80] Statistics: 1196 bytes read, 0 seeks
[image2 @ 000001ea0899bcc0] Opening 'C:/Users/Rafio/Documents/Drawings/PitbullAnimations/IdleFoxS0013.png' for reading
[file @ 000001ea089e9d80] Setting default whitelist 'file,crypto,data'
[AVIOContext @ 000001ea08a05c80] Statistics: 1196 bytes read, 0 seeks
[image2 @ 000001ea0899bcc0] Opening 'C:/Users/Rafio/Documents/Drawings/PitbullAnimations/IdleFoxS0014.png' for reading
[file @ 000001ea089e9d80] Setting default whitelist 'file,crypto,data'
[AVIOContext @ 000001ea08a05c80] Statistics: 1196 bytes read, 0 seeks
[image2 @ 000001ea0899bcc0] Opening 'C:/Users/Rafio/Documents/Drawings/PitbullAnimations/IdleFoxS0015.png' for reading
[file @ 000001ea089e9d80] Setting default whitelist 'file,crypto,data'
[AVIOContext @ 000001ea08a05c80] Statistics: 1211 bytes read, 0 seeks
[image2 @ 000001ea0899bcc0] Opening 'C:/Users/Rafio/Documents/Drawings/PitbullAnimations/IdleFoxS0016.png' for reading
[file @ 000001ea089e9d80] Setting default whitelist 'file,crypto,data'
[AVIOContext @ 000001ea08a05c80] Statistics: 1211 bytes read, 0 seeks
[image2 @ 000001ea0899bcc0] Opening 'C:/Users/Rafio/Documents/Drawings/PitbullAnimations/IdleFoxS0017.png' for reading
[file @ 000001ea089e9d80] Setting default whitelist 'file,crypto,data'
[AVIOContext @ 000001ea08a05c80] Statistics: 1211 bytes read, 0 seeks
[image2 @ 000001ea0899bcc0] Opening 'C:/Users/Rafio/Documents/Drawings/PitbullAnimations/IdleFoxS0018.png' for reading
[file @ 000001ea089e9d80] Setting default whitelist 'file,crypto,data'
[AVIOContext @ 000001ea08a05c80] Statistics: 1211 bytes read, 0 seeks
[image2 @ 000001ea0899bcc0] Opening 'C:/Users/Rafio/Documents/Drawings/PitbullAnimations/IdleFoxS0019.png' for reading
[file @ 000001ea089e9d80] Setting default whitelist 'file,crypto,data'
[AVIOContext @ 000001ea08a05c80] Statistics: 1211 bytes read, 0 seeks
[image2 @ 000001ea0899bcc0] Opening 'C:/Users/Rafio/Documents/Drawings/PitbullAnimations/IdleFoxS0020.png' for reading
[file @ 000001ea089e9d80] Setting default whitelist 'file,crypto,data'
[AVIOContext @ 000001ea08a05c80] Statistics: 1239 bytes read, 0 seeks
[image2 @ 000001ea0899bcc0] Opening 'C:/Users/Rafio/Documents/Drawings/PitbullAnimations/IdleFoxS0021.png' for reading
[file @ 000001ea089e9d80] Setting default whitelist 'file,crypto,data'
[AVIOContext @ 000001ea08a05c80] Statistics: 1239 bytes read, 0 seeks
[image2 @ 000001ea0899bcc0] Opening 'C:/Users/Rafio/Documents/Drawings/PitbullAnimations/IdleFoxS0022.png' for reading
[file @ 000001ea089e9d80] Setting default whitelist 'file,crypto,data'
[AVIOContext @ 000001ea08a05c80] Statistics: 1239 bytes read, 0 seeks
[image2 @ 000001ea0899bcc0] Opening 'C:/Users/Rafio/Documents/Drawings/PitbullAnimations/IdleFoxS0023.png' for reading
[file @ 000001ea089e9d80] Setting default whitelist 'file,crypto,data'
[AVIOContext @ 000001ea08a05c80] Statistics: 1239 bytes read, 0 seeks
[image2 @ 000001ea0899bcc0] Opening 'C:/Users/Rafio/Documents/Drawings/PitbullAnimations/IdleFoxS0024.png' for reading
[file @ 000001ea089e9d80] Setting default whitelist 'file,crypto,data'
[AVIOContext @ 000001ea08a05c80] Statistics: 1239 bytes read, 0 seeks
[image2 @ 000001ea0899bcc0] Opening 'C:/Users/Rafio/Documents/Drawings/PitbullAnimations/IdleFoxS0025.png' for reading
[file @ 000001ea089e9d80] Setting default whitelist 'file,crypto,data'
[AVIOContext @ 000001ea08a05c80] Statistics: 1239 bytes read, 0 seeks
[image2 @ 000001ea0899bcc0] Opening 'C:/Users/Rafio/Documents/Drawings/PitbullAnimations/IdleFoxS0026.png' for reading
[file @ 000001ea089e9d80] Setting default whitelist 'file,crypto,data'
[AVIOContext @ 000001ea08a05c80] Statistics: 1239 bytes read, 0 seeks
[image2 @ 000001ea0899bcc0] Opening 'C:/Users/Rafio/Documents/Drawings/PitbullAnimations/IdleFoxS0027.png' for reading
[file @ 000001ea089e9d80] Setting default whitelist 'file,crypto,data'
[AVIOContext @ 000001ea089fb080] Statistics: 1239 bytes read, 0 seeks
[image2 @ 000001ea0899bcc0] Opening 'C:/Users/Rafio/Documents/Drawings/PitbullAnimations/IdleFoxS0028.png' for reading
[file @ 000001ea089e9d80] Setting default whitelist 'file,crypto,data'
[AVIOContext @ 000001ea089fb080] Statistics: 1239 bytes read, 0 seeks
[image2 @ 000001ea0899bcc0] Opening 'C:/Users/Rafio/Documents/Drawings/PitbullAnimations/IdleFoxS0029.png' for reading
[file @ 000001ea089e9d80] Setting default whitelist 'file,crypto,data'
[AVIOContext @ 000001ea089fb080] Statistics: 1239 bytes read, 0 seeks
[image2 @ 000001ea0899bcc0] Opening 'C:/Users/Rafio/Documents/Drawings/PitbullAnimations/IdleFoxS0030.png' for reading
[file @ 000001ea089e9d80] Setting default whitelist 'file,crypto,data'
[AVIOContext @ 000001ea08a0fe40] Statistics: 1211 bytes read, 0 seeks
[image2 @ 000001ea0899bcc0] Opening 'C:/Users/Rafio/Documents/Drawings/PitbullAnimations/IdleFoxS0031.png' for reading
[file @ 000001ea089e9d80] Setting default whitelist 'file,crypto,data'
[AVIOContext @ 000001ea08a0fe40] Statistics: 1211 bytes read, 0 seeks
[image2 @ 000001ea0899bcc0] Opening 'C:/Users/Rafio/Documents/Drawings/PitbullAnimations/IdleFoxS0032.png' for reading
[file @ 000001ea089e9d80] Setting default whitelist 'file,crypto,data'
[AVIOContext @ 000001ea08a0fe40] Statistics: 1211 bytes read, 0 seeks
[image2 @ 000001ea0899bcc0] Opening 'C:/Users/Rafio/Documents/Drawings/PitbullAnimations/IdleFoxS0033.png' for reading
[file @ 000001ea089e9d80] Setting default whitelist 'file,crypto,data'
[AVIOContext @ 000001ea08a0fe40] Statistics: 1211 bytes read, 0 seeks
[image2 @ 000001ea0899bcc0] Opening 'C:/Users/Rafio/Documents/Drawings/PitbullAnimations/IdleFoxS0034.png' for reading
[file @ 000001ea089e9d80] Setting default whitelist 'file,crypto,data'
[AVIOContext @ 000001ea08a0fe40] Statistics: 1211 bytes read, 0 seeks
[image2 @ 000001ea0899bcc0] Opening 'C:/Users/Rafio/Documents/Drawings/PitbullAnimations/IdleFoxS0035.png' for reading
[file @ 000001ea089e9d80] Setting default whitelist 'file,crypto,data'
[AVIOContext @ 000001ea08a0fe40] Statistics: 1239 bytes read, 0 seeks
[image2 @ 000001ea0899bcc0] Opening 'C:/Users/Rafio/Documents/Drawings/PitbullAnimations/IdleFoxS0036.png' for reading
[file @ 000001ea089e9d80] Setting default whitelist 'file,crypto,data'
[AVIOContext @ 000001ea08a0fe40] Statistics: 1239 bytes read, 0 seeks
[image2 @ 000001ea0899bcc0] Opening 'C:/Users/Rafio/Documents/Drawings/PitbullAnimations/IdleFoxS0037.png' for reading
[file @ 000001ea089e9d80] Setting default whitelist 'file,crypto,data'
[AVIOContext @ 000001ea08a0fe40] Statistics: 1239 bytes read, 0 seeks
[image2 @ 000001ea0899bcc0] Opening 'C:/Users/Rafio/Documents/Drawings/PitbullAnimations/IdleFoxS0038.png' for reading
[file @ 000001ea089e9d80] Setting default whitelist 'file,crypto,data'
[AVIOContext @ 000001ea08a0fe40] Statistics: 1239 bytes read, 0 seeks
[image2 @ 000001ea0899bcc0] Opening 'C:/Users/Rafio/Documents/Drawings/PitbullAnimations/IdleFoxS0039.png' for reading
[file @ 000001ea089e9d80] Setting default whitelist 'file,crypto,data'
[AVIOContext @ 000001ea08a0fe40] Statistics: 1239 bytes read, 0 seeks
[image2 @ 000001ea0899bcc0] Opening 'C:/Users/Rafio/Documents/Drawings/PitbullAnimations/IdleFoxS0040.png' for reading
[file @ 000001ea089e9d80] Setting default whitelist 'file,crypto,data'
[AVIOContext @ 000001ea08a0fe40] Statistics: 1239 bytes read, 0 seeks
[image2 @ 000001ea0899bcc0] Opening 'C:/Users/Rafio/Documents/Drawings/PitbullAnimations/IdleFoxS0041.png' for reading
[file @ 000001ea089e9d80] Setting default whitelist 'file,crypto,data'
[AVIOContext @ 000001ea08a0fe40] Statistics: 1239 bytes read, 0 seeks
[image2 @ 000001ea0899bcc0] Opening 'C:/Users/Rafio/Documents/Drawings/PitbullAnimations/IdleFoxS0042.png' for reading
[file @ 000001ea089e9d80] Setting default whitelist 'file,crypto,data'
[AVIOContext @ 000001ea08a0fe40] Statistics: 1239 bytes read, 0 seeks
[image2 @ 000001ea0899bcc0] Opening 'C:/Users/Rafio/Documents/Drawings/PitbullAnimations/IdleFoxS0043.png' for reading
[file @ 000001ea089e9d80] Setting default whitelist 'file,crypto,data'
[AVIOContext @ 000001ea08a0fe40] Statistics: 1239 bytes read, 0 seeks
[image2 @ 000001ea0899bcc0] Opening 'C:/Users/Rafio/Documents/Drawings/PitbullAnimations/IdleFoxS0044.png' for reading
[file @ 000001ea089e9d80] Setting default whitelist 'file,crypto,data'
[AVIOContext @ 000001ea08a0fe40] Statistics: 1239 bytes read, 0 seeks
[image2 @ 000001ea0899bcc0] Opening 'C:/Users/Rafio/Documents/Drawings/PitbullAnimations/IdleFoxS0045.png' for reading
[file @ 000001ea089e9d80] Setting default whitelist 'file,crypto,data'
[AVIOContext @ 000001ea08a0fe40] Statistics: 1211 bytes read, 0 seeks
[image2 @ 000001ea0899bcc0] Opening 'C:/Users/Rafio/Documents/Drawings/PitbullAnimations/IdleFoxS0046.png' for reading
[file @ 000001ea089e9d80] Setting default whitelist 'file,crypto,data'
[AVIOContext @ 000001ea08a0fe40] Statistics: 1211 bytes read, 0 seeks
[image2 @ 000001ea0899bcc0] Opening 'C:/Users/Rafio/Documents/Drawings/PitbullAnimations/IdleFoxS0047.png' for reading
[file @ 000001ea089e9d80] Setting default whitelist 'file,crypto,data'
[AVIOContext @ 000001ea08a0fe40] Statistics: 1211 bytes read, 0 seeks
[image2 @ 000001ea0899bcc0] Opening 'C:/Users/Rafio/Documents/Drawings/PitbullAnimations/IdleFoxS0048.png' for reading
[file @ 000001ea089e9d80] Setting default whitelist 'file,crypto,data'
[AVIOContext @ 000001ea08a0fe40] Statistics: 1211 bytes read, 0 seeks
[image2 @ 000001ea0899bcc0] Opening 'C:/Users/Rafio/Documents/Drawings/PitbullAnimations/IdleFoxS0049.png' for reading
[file @ 000001ea089e9d80] Setting default whitelist 'file,crypto,data'
[AVIOContext @ 000001ea08a0fe40] Statistics: 1211 bytes read, 0 seeks
[image2 @ 000001ea0899bcc0] Opening 'C:/Users/Rafio/Documents/Drawings/PitbullAnimations/IdleFoxS0050.png' for reading
[file @ 000001ea089e9d80] Setting default whitelist 'file,crypto,data'
[AVIOContext @ 000001ea08a0fe40] Statistics: 1239 bytes read, 0 seeks
[image2 @ 000001ea0899bcc0] Opening 'C:/Users/Rafio/Documents/Drawings/PitbullAnimations/IdleFoxS0051.png' for reading
[file @ 000001ea089e9d80] Setting default whitelist 'file,crypto,data'
[AVIOContext @ 000001ea08a0fe40] Statistics: 1239 bytes read, 0 seeks
[image2 @ 000001ea0899bcc0] Opening 'C:/Users/Rafio/Documents/Drawings/PitbullAnimations/IdleFoxS0052.png' for reading
[file @ 000001ea089e9d80] Setting default whitelist 'file,crypto,data'
[AVIOContext @ 000001ea08a0fe40] Statistics: 1239 bytes read, 0 seeks
[image2 @ 000001ea0899bcc0] Opening 'C:/Users/Rafio/Documents/Drawings/PitbullAnimations/IdleFoxS0053.png' for reading
[file @ 000001ea089e9d80] Setting default whitelist 'file,crypto,data'
[AVIOContext @ 000001ea08a0fe40] Statistics: 1239 bytes read, 0 seeks
[image2 @ 000001ea0899bcc0] Opening 'C:/Users/Rafio/Documents/Drawings/PitbullAnimations/IdleFoxS0054.png' for reading
[file @ 000001ea089e9d80] Setting default whitelist 'file,crypto,data'
[AVIOContext @ 000001ea08a0fe40] Statistics: 1239 bytes read, 0 seeks
[image2 @ 000001ea0899bcc0] Opening 'C:/Users/Rafio/Documents/Drawings/PitbullAnimations/IdleFoxS0055.png' for reading
[file @ 000001ea089e9d80] Setting default whitelist 'file,crypto,data'
[AVIOContext @ 000001ea08a0fe40] Statistics: 1239 bytes read, 0 seeks
[image2 @ 000001ea0899bcc0] Opening 'C:/Users/Rafio/Documents/Drawings/PitbullAnimations/IdleFoxS0056.png' for reading
[file @ 000001ea089e9d80] Setting default whitelist 'file,crypto,data'
[AVIOContext @ 000001ea08a0fe40] Statistics: 1239 bytes read, 0 seeks
[image2 @ 000001ea0899bcc0] Opening 'C:/Users/Rafio/Documents/Drawings/PitbullAnimations/IdleFoxS0057.png' for reading
[file @ 000001ea089e9d80] Setting default whitelist 'file,crypto,data'
[AVIOContext @ 000001ea08a0fe40] Statistics: 1239 bytes read, 0 seeks
[image2 @ 000001ea0899bcc0] Opening 'C:/Users/Rafio/Documents/Drawings/PitbullAnimations/IdleFoxS0058.png' for reading
[file @ 000001ea089e9d80] Setting default whitelist 'file,crypto,data'
[AVIOContext @ 000001ea08a0fe40] Statistics: 1239 bytes read, 0 seeks
[image2 @ 000001ea0899bcc0] Opening 'C:/Users/Rafio/Documents/Drawings/PitbullAnimations/IdleFoxS0059.png' for reading
[file @ 000001ea089e9d80] Setting default whitelist 'file,crypto,data'
[AVIOContext @ 000001ea08a0fe40] Statistics: 1239 bytes read, 0 seeks
[image2 @ 000001ea0899bcc0] Opening 'C:/Users/Rafio/Documents/Drawings/PitbullAnimations/IdleFoxS0060.png' for reading
[file @ 000001ea089e9d80] Setting default whitelist 'file,crypto,data'
[AVIOContext @ 000001ea08a0fe40] Statistics: 1239 bytes read, 0 seeks
[image2 @ 000001ea0899bcc0] Opening 'C:/Users/Rafio/Documents/Drawings/PitbullAnimations/IdleFoxS0061.png' for reading
[file @ 000001ea089e9d80] Setting default whitelist 'file,crypto,data'
[AVIOContext @ 000001ea08a0fe40] Statistics: 1239 bytes read, 0 seeks
[image2 @ 000001ea0899bcc0] Opening 'C:/Users/Rafio/Documents/Drawings/PitbullAnimations/IdleFoxS0062.png' for reading
[file @ 000001ea089e9d80] Setting default whitelist 'file,crypto,data'
[AVIOContext @ 000001ea08a0fe40] Statistics: 1239 bytes read, 0 seeks
[image2 @ 000001ea0899bcc0] Opening 'C:/Users/Rafio/Documents/Drawings/PitbullAnimations/IdleFoxS0063.png' for reading
[file @ 000001ea089e9d80] Setting default whitelist 'file,crypto,data'
[AVIOContext @ 000001ea08a0fe40] Statistics: 1239 bytes read, 0 seeks
[image2 @ 000001ea0899bcc0] Opening 'C:/Users/Rafio/Documents/Drawings/PitbullAnimations/IdleFoxS0064.png' for reading
[file @ 000001ea089e9d80] Setting default whitelist 'file,crypto,data'
[AVIOContext @ 000001ea08a0fe40] Statistics: 1239 bytes read, 0 seeks
[image2 @ 000001ea0899bcc0] Opening 'C:/Users/Rafio/Documents/Drawings/PitbullAnimations/IdleFoxS0065.png' for reading
[file @ 000001ea089e9d80] Setting default whitelist 'file,crypto,data'
[AVIOContext @ 000001ea08a0fe40] Statistics: 1239 bytes read, 0 seeks
[image2 @ 000001ea0899bcc0] Opening 'C:/Users/Rafio/Documents/Drawings/PitbullAnimations/IdleFoxS0066.png' for reading
[file @ 000001ea089e9d80] Setting default whitelist 'file,crypto,data'
[AVIOContext @ 000001ea08a0fe40] Statistics: 1239 bytes read, 0 seeks
[image2 @ 000001ea0899bcc0] Opening 'C:/Users/Rafio/Documents/Drawings/PitbullAnimations/IdleFoxS0067.png' for reading
[file @ 000001ea089e9d80] Setting default whitelist 'file,crypto,data'
[AVIOContext @ 000001ea08a0fe40] Statistics: 1239 bytes read, 0 seeks
[image2 @ 000001ea0899bcc0] Opening 'C:/Users/Rafio/Documents/Drawings/PitbullAnimations/IdleFoxS0068.png' for reading
[file @ 000001ea089e9d80] Setting default whitelist 'file,crypto,data'
[AVIOContext @ 000001ea08a0fe40] Statistics: 1239 bytes read, 0 seeks
[image2 @ 000001ea0899bcc0] Opening 'C:/Users/Rafio/Documents/Drawings/PitbullAnimations/IdleFoxS0069.png' for reading
[file @ 000001ea089e9d80] Setting default whitelist 'file,crypto,data'
[AVIOContext @ 000001ea08a0fe40] Statistics: 1239 bytes read, 0 seeks
[image2 @ 000001ea0899bcc0] Opening 'C:/Users/Rafio/Documents/Drawings/PitbullAnimations/IdleFoxS0070.png' for reading
[file @ 000001ea089e9d80] Setting default whitelist 'file,crypto,data'
[AVIOContext @ 000001ea08a0fe40] Statistics: 1239 bytes read, 0 seeks
[image2 @ 000001ea0899bcc0] Opening 'C:/Users/Rafio/Documents/Drawings/PitbullAnimations/IdleFoxS0071.png' for reading
[file @ 000001ea089e9d80] Setting default whitelist 'file,crypto,data'
[AVIOContext @ 000001ea08a0fe40] Statistics: 1239 bytes read, 0 seeks
[image2 @ 000001ea0899bcc0] Opening 'C:/Users/Rafio/Documents/Drawings/PitbullAnimations/IdleFoxS0072.png' for reading
[file @ 000001ea089e9d80] Setting default whitelist 'file,crypto,data'
[AVIOContext @ 000001ea08a0fe40] Statistics: 1239 bytes read, 0 seeks
[image2 @ 000001ea0899bcc0] Opening 'C:/Users/Rafio/Documents/Drawings/PitbullAnimations/IdleFoxS0073.png' for reading
[file @ 000001ea089e9d80] Setting default whitelist 'file,crypto,data'
[AVIOContext @ 000001ea08a0fe40] Statistics: 1239 bytes read, 0 seeks
[image2 @ 000001ea0899bcc0] Opening 'C:/Users/Rafio/Documents/Drawings/PitbullAnimations/IdleFoxS0074.png' for reading
[file @ 000001ea089e9d80] Setting default whitelist 'file,crypto,data'
[AVIOContext @ 000001ea08a0fe40] Statistics: 1239 bytes read, 0 seeks
[image2 @ 000001ea0899bcc0] Opening 'C:/Users/Rafio/Documents/Drawings/PitbullAnimations/IdleFoxS0075.png' for reading
[file @ 000001ea089e9d80] Setting default whitelist 'file,crypto,data'
[AVIOContext @ 000001ea08a0fe40] Statistics: 1205 bytes read, 0 seeks
[image2 @ 000001ea0899bcc0] Opening 'C:/Users/Rafio/Documents/Drawings/PitbullAnimations/IdleFoxS0076.png' for reading
[file @ 000001ea089e9d80] Setting default whitelist 'file,crypto,data'
[AVIOContext @ 000001ea08a0fe40] Statistics: 1205 bytes read, 0 seeks
[image2 @ 000001ea0899bcc0] Opening 'C:/Users/Rafio/Documents/Drawings/PitbullAnimations/IdleFoxS0077.png' for reading
[file @ 000001ea089e9d80] Setting default whitelist 'file,crypto,data'
[AVIOContext @ 000001ea08a0fe40] Statistics: 1209 bytes read, 0 seeks
[image2 @ 000001ea0899bcc0] Opening 'C:/Users/Rafio/Documents/Drawings/PitbullAnimations/IdleFoxS0078.png' for reading
[file @ 000001ea089e9d80] Setting default whitelist 'file,crypto,data'
[AVIOContext @ 000001ea08a0fe40] Statistics: 1209 bytes read, 0 seeks
[image2 @ 000001ea0899bcc0] Opening 'C:/Users/Rafio/Documents/Drawings/PitbullAnimations/IdleFoxS0079.png' for reading
[file @ 000001ea089e9d80] Setting default whitelist 'file,crypto,data'
[AVIOContext @ 000001ea08a0fe40] Statistics: 1225 bytes read, 0 seeks
[image2 @ 000001ea0899bcc0] Opening 'C:/Users/Rafio/Documents/Drawings/PitbullAnimations/IdleFoxS0080.png' for reading
[file @ 000001ea089e9d80] Setting default whitelist 'file,crypto,data'
[AVIOContext @ 000001ea08a0fe40] Statistics: 1225 bytes read, 0 seeks
[image2 @ 000001ea0899bcc0] Opening 'C:/Users/Rafio/Documents/Drawings/PitbullAnimations/IdleFoxS0081.png' for reading
[file @ 000001ea089e9d80] Setting default whitelist 'file,crypto,data'
[AVIOContext @ 000001ea08a0fe40] Statistics: 1264 bytes read, 0 seeks
[image2 @ 000001ea0899bcc0] Opening 'C:/Users/Rafio/Documents/Drawings/PitbullAnimations/IdleFoxS0082.png' for reading
[file @ 000001ea089e9d80] Setting default whitelist 'file,crypto,data'
[AVIOContext @ 000001ea08a0fe40] Statistics: 1264 bytes read, 0 seeks
[image2 @ 000001ea0899bcc0] Opening 'C:/Users/Rafio/Documents/Drawings/PitbullAnimations/IdleFoxS0083.png' for reading
[file @ 000001ea089e9d80] Setting default whitelist 'file,crypto,data'
[AVIOContext @ 000001ea08a0fe40] Statistics: 1294 bytes read, 0 seeks
[image2 @ 000001ea0899bcc0] Opening 'C:/Users/Rafio/Documents/Drawings/PitbullAnimations/IdleFoxS0084.png' for reading
[file @ 000001ea089e9d80] Setting default whitelist 'file,crypto,data'
[AVIOContext @ 000001ea08a0fe40] Statistics: 1294 bytes read, 0 seeks
[image2 @ 000001ea0899bcc0] Opening 'C:/Users/Rafio/Documents/Drawings/PitbullAnimations/IdleFoxS0085.png' for reading
[file @ 000001ea089e9d80] Setting default whitelist 'file,crypto,data'
[AVIOContext @ 000001ea08a0fe40] Statistics: 1294 bytes read, 0 seeks
[image2 @ 000001ea0899bcc0] Opening 'C:/Users/Rafio/Documents/Drawings/PitbullAnimations/IdleFoxS0086.png' for reading
[file @ 000001ea089e9d80] Setting default whitelist 'file,crypto,data'
[AVIOContext @ 000001ea08a0fe40] Statistics: 1294 bytes read, 0 seeks
[image2 @ 000001ea0899bcc0] Opening 'C:/Users/Rafio/Documents/Drawings/PitbullAnimations/IdleFoxS0087.png' for reading
[file @ 000001ea089e9d80] Setting default whitelist 'file,crypto,data'
[AVIOContext @ 000001ea08a0fe40] Statistics: 1301 bytes read, 0 seeks
[image2 @ 000001ea0899bcc0] Opening 'C:/Users/Rafio/Documents/Drawings/PitbullAnimations/IdleFoxS0088.png' for reading
[file @ 000001ea089e9d80] Setting default whitelist 'file,crypto,data'
[AVIOContext @ 000001ea08a0fe40] Statistics: 1301 bytes read, 0 seeks
[image2 @ 000001ea0899bcc0] Opening 'C:/Users/Rafio/Documents/Drawings/PitbullAnimations/IdleFoxS0089.png' for reading
[file @ 000001ea089e9d80] Setting default whitelist 'file,crypto,data'
[AVIOContext @ 000001ea08a0fe40] Statistics: 1299 bytes read, 0 seeks
[image2 @ 000001ea0899bcc0] Opening 'C:/Users/Rafio/Documents/Drawings/PitbullAnimations/IdleFoxS0090.png' for reading
[file @ 000001ea089e9d80] Setting default whitelist 'file,crypto,data'
[AVIOContext @ 000001ea08a0fe40] Statistics: 1299 bytes read, 0 seeks
[image2 @ 000001ea0899bcc0] Opening 'C:/Users/Rafio/Documents/Drawings/PitbullAnimations/IdleFoxS0091.png' for reading
[file @ 000001ea089e9d80] Setting default whitelist 'file,crypto,data'
[AVIOContext @ 000001ea08a0fe40] Statistics: 1327 bytes read, 0 seeks
[image2 @ 000001ea0899bcc0] Opening 'C:/Users/Rafio/Documents/Drawings/PitbullAnimations/IdleFoxS0092.png' for reading
[file @ 000001ea089e9d80] Setting default whitelist 'file,crypto,data'
[AVIOContext @ 000001ea08a0fe40] Statistics: 1327 bytes read, 0 seeks
[image2 @ 000001ea0899bcc0] Opening 'C:/Users/Rafio/Documents/Drawings/PitbullAnimations/IdleFoxS0093.png' for reading
[file @ 000001ea089e9d80] Setting default whitelist 'file,crypto,data'
[AVIOContext @ 000001ea08a0fe40] Statistics: 1299 bytes read, 0 seeks
[image2 @ 000001ea0899bcc0] Opening 'C:/Users/Rafio/Documents/Drawings/PitbullAnimations/IdleFoxS0094.png' for reading
[file @ 000001ea089e9d80] Setting default whitelist 'file,crypto,data'
[AVIOContext @ 000001ea08a0fe40] Statistics: 1299 bytes read, 0 seeks
[image2 @ 000001ea0899bcc0] Opening 'C:/Users/Rafio/Documents/Drawings/PitbullAnimations/IdleFoxS0095.png' for reading
[file @ 000001ea089e9d80] Setting default whitelist 'file,crypto,data'
[AVIOContext @ 000001ea08a0fe40] Statistics: 1307 bytes read, 0 seeks
[image2 @ 000001ea0899bcc0] Opening 'C:/Users/Rafio/Documents/Drawings/PitbullAnimations/IdleFoxS0096.png' for reading
[file @ 000001ea089e9d80] Setting default whitelist 'file,crypto,data'
[AVIOContext @ 000001ea08a0fe40] Statistics: 1307 bytes read, 0 seeks
[image2 @ 000001ea0899bcc0] Opening 'C:/Users/Rafio/Documents/Drawings/PitbullAnimations/IdleFoxS0097.png' for reading
[file @ 000001ea089e9d80] Setting default whitelist 'file,crypto,data'
[AVIOContext @ 000001ea08a0fe40] Statistics: 1261 bytes read, 0 seeks
[image2 @ 000001ea0899bcc0] Opening 'C:/Users/Rafio/Documents/Drawings/PitbullAnimations/IdleFoxS0098.png' for reading
[file @ 000001ea089e9d80] Setting default whitelist 'file,crypto,data'
[AVIOContext @ 000001ea08a0fe40] Statistics: 1261 bytes read, 0 seeks
[image2 @ 000001ea0899bcc0] Opening 'C:/Users/Rafio/Documents/Drawings/PitbullAnimations/IdleFoxS0099.png' for reading
[file @ 000001ea089e9d80] Setting default whitelist 'file,crypto,data'
[AVIOContext @ 000001ea08a0fe40] Statistics: 1274 bytes read, 0 seeks
[image2 @ 000001ea0899bcc0] Opening 'C:/Users/Rafio/Documents/Drawings/PitbullAnimations/IdleFoxS0100.png' for reading
[file @ 000001ea089e9d80] Setting default whitelist 'file,crypto,data'
[AVIOContext @ 000001ea08a0fe40] Statistics: 1274 bytes read, 0 seeks
[image2 @ 000001ea0899bcc0] Opening 'C:/Users/Rafio/Documents/Drawings/PitbullAnimations/IdleFoxS0101.png' for reading
[file @ 000001ea089e9d80] Setting default whitelist 'file,crypto,data'
[AVIOContext @ 000001ea08a0fe40] Statistics: 1273 bytes read, 0 seeks
[image2 @ 000001ea0899bcc0] Opening 'C:/Users/Rafio/Documents/Drawings/PitbullAnimations/IdleFoxS0102.png' for reading
[file @ 000001ea089e9d80] Setting default whitelist 'file,crypto,data'
[AVIOContext @ 000001ea08a0fe40] Statistics: 1273 bytes read, 0 seeks
[image2 @ 000001ea0899bcc0] Opening 'C:/Users/Rafio/Documents/Drawings/PitbullAnimations/IdleFoxS0103.png' for reading
[file @ 000001ea089e9d80] Setting default whitelist 'file,crypto,data'
[AVIOContext @ 000001ea08a0fe40] Statistics: 1273 bytes read, 0 seeks
[image2 @ 000001ea0899bcc0] Opening 'C:/Users/Rafio/Documents/Drawings/PitbullAnimations/IdleFoxS0104.png' for reading
[file @ 000001ea089e9d80] Setting default whitelist 'file,crypto,data'
[AVIOContext @ 000001ea08a0fe40] Statistics: 1273 bytes read, 0 seeks
[image2 @ 000001ea0899bcc0] Opening 'C:/Users/Rafio/Documents/Drawings/PitbullAnimations/IdleFoxS0105.png' for reading
[file @ 000001ea089e9d80] Setting default whitelist 'file,crypto,data'
[AVIOContext @ 000001ea08a0fe40] Statistics: 1273 bytes read, 0 seeks
[image2 @ 000001ea0899bcc0] Opening 'C:/Users/Rafio/Documents/Drawings/PitbullAnimations/IdleFoxS0106.png' for reading
[file @ 000001ea089e9d80] Setting default whitelist 'file,crypto,data'
[AVIOContext @ 000001ea08a0fe40] Statistics: 1273 bytes read, 0 seeks
[image2 @ 000001ea0899bcc0] Opening 'C:/Users/Rafio/Documents/Drawings/PitbullAnimations/IdleFoxS0107.png' for reading
[file @ 000001ea089e9d80] Setting default whitelist 'file,crypto,data'
[AVIOContext @ 000001ea08a0fe40] Statistics: 1273 bytes read, 0 seeks
[image2 @ 000001ea0899bcc0] Opening 'C:/Users/Rafio/Documents/Drawings/PitbullAnimations/IdleFoxS0108.png' for reading
[file @ 000001ea089e9d80] Setting default whitelist 'file,crypto,data'
[AVIOContext @ 000001ea08a0fe40] Statistics: 1273 bytes read, 0 seeks
[image2 @ 000001ea0899bcc0] Opening 'C:/Users/Rafio/Documents/Drawings/PitbullAnimations/IdleFoxS0109.png' for reading
[file @ 000001ea089e9d80] Setting default whitelist 'file,crypto,data'
[AVIOContext @ 000001ea08a0fe40] Statistics: 1273 bytes read, 0 seeks
[image2 @ 000001ea0899bcc0] Opening 'C:/Users/Rafio/Documents/Drawings/PitbullAnimations/IdleFoxS0110.png' for reading
[file @ 000001ea089e9d80] Setting default whitelist 'file,crypto,data'
[AVIOContext @ 000001ea08a0fe40] Statistics: 1273 bytes read, 0 seeks
[image2 @ 000001ea0899bcc0] Opening 'C:/Users/Rafio/Documents/Drawings/PitbullAnimations/IdleFoxS0111.png' for reading
[file @ 000001ea089e9d80] Setting default whitelist 'file,crypto,data'
[AVIOContext @ 000001ea08a0fe40] Statistics: 1273 bytes read, 0 seeks
[image2 @ 000001ea0899bcc0] Opening 'C:/Users/Rafio/Documents/Drawings/PitbullAnimations/IdleFoxS0112.png' for reading
[file @ 000001ea089e9d80] Setting default whitelist 'file,crypto,data'
[AVIOContext @ 000001ea08a0fe40] Statistics: 1273 bytes read, 0 seeks
[image2 @ 000001ea0899bcc0] Opening 'C:/Users/Rafio/Documents/Drawings/PitbullAnimations/IdleFoxS0113.png' for reading
[file @ 000001ea089e9d80] Setting default whitelist 'file,crypto,data'
[AVIOContext @ 000001ea08a0fe40] Statistics: 1273 bytes read, 0 seeks
[image2 @ 000001ea0899bcc0] Opening 'C:/Users/Rafio/Documents/Drawings/PitbullAnimations/IdleFoxS0114.png' for reading
[file @ 000001ea089e9d80] Setting default whitelist 'file,crypto,data'
[AVIOContext @ 000001ea08a0fe40] Statistics: 1273 bytes read, 0 seeks
[image2 @ 000001ea0899bcc0] Opening 'C:/Users/Rafio/Documents/Drawings/PitbullAnimations/IdleFoxS0115.png' for reading
[file @ 000001ea089e9d80] Setting default whitelist 'file,crypto,data'
[AVIOContext @ 000001ea08a0fe40] Statistics: 1273 bytes read, 0 seeks
[image2 @ 000001ea0899bcc0] Opening 'C:/Users/Rafio/Documents/Drawings/PitbullAnimations/IdleFoxS0116.png' for reading
[file @ 000001ea089e9d80] Setting default whitelist 'file,crypto,data'
[AVIOContext @ 000001ea08a0fe40] Statistics: 1273 bytes read, 0 seeks
[image2 @ 000001ea0899bcc0] Opening 'C:/Users/Rafio/Documents/Drawings/PitbullAnimations/IdleFoxS0117.png' for reading
[file @ 000001ea089e9d80] Setting default whitelist 'file,crypto,data'
[AVIOContext @ 000001ea08a0fe40] Statistics: 1273 bytes read, 0 seeks
[image2 @ 000001ea0899bcc0] Opening 'C:/Users/Rafio/Documents/Drawings/PitbullAnimations/IdleFoxS0118.png' for reading
[file @ 000001ea089e9d80] Setting default whitelist 'file,crypto,data'
[AVIOContext @ 000001ea08a0fe40] Statistics: 1273 bytes read, 0 seeks
[image2 @ 000001ea0899bcc0] Opening 'C:/Users/Rafio/Documents/Drawings/PitbullAnimations/IdleFoxS0119.png' for reading
[file @ 000001ea089e9d80] Setting default whitelist 'file,crypto,data'
[AVIOContext @ 000001ea08a0fe40] Statistics: 1273 bytes read, 0 seeks
[image2 @ 000001ea0899bcc0] Opening 'C:/Users/Rafio/Documents/Drawings/PitbullAnimations/IdleFoxS0120.png' for reading
[file @ 000001ea089e9d80] Setting default whitelist 'file,crypto,data'
[AVIOContext @ 000001ea08a0fe40] Statistics: 1273 bytes read, 0 seeks
[image2 @ 000001ea0899bcc0] Opening 'C:/Users/Rafio/Documents/Drawings/PitbullAnimations/IdleFoxS0121.png' for reading
[file @ 000001ea089e9d80] Setting default whitelist 'file,crypto,data'
[AVIOContext @ 000001ea08a0fe40] Statistics: 1273 bytes read, 0 seeks
[image2 @ 000001ea0899bcc0] Opening 'C:/Users/Rafio/Documents/Drawings/PitbullAnimations/IdleFoxS0122.png' for reading
[file @ 000001ea089e9d80] Setting default whitelist 'file,crypto,data'
[AVIOContext @ 000001ea08a0fe40] Statistics: 1273 bytes read, 0 seeks
[image2 @ 000001ea0899bcc0] Opening 'C:/Users/Rafio/Documents/Drawings/PitbullAnimations/IdleFoxS0123.png' for reading
[file @ 000001ea089e9d80] Setting default whitelist 'file,crypto,data'
[AVIOContext @ 000001ea08a0fe40] Statistics: 1273 bytes read, 0 seeks
[image2 @ 000001ea0899bcc0] Opening 'C:/Users/Rafio/Documents/Drawings/PitbullAnimations/IdleFoxS0124.png' for reading
[file @ 000001ea089e9d80] Setting default whitelist 'file,crypto,data'
[AVIOContext @ 000001ea08a0fe40] Statistics: 1273 bytes read, 0 seeks
[image2 @ 000001ea0899bcc0] Opening 'C:/Users/Rafio/Documents/Drawings/PitbullAnimations/IdleFoxS0125.png' for reading
[file @ 000001ea089e9d80] Setting default whitelist 'file,crypto,data'
[AVIOContext @ 000001ea08a0fe40] Statistics: 1273 bytes read, 0 seeks
[image2 @ 000001ea0899bcc0] max_analyze_duration 5000000 reached at 5000000 microseconds st:0
Input #0, image2, from 'C:/Users/Rafio/Documents/Drawings/PitbullAnimations/IdleFoxS%04d.png':
  Duration: 00:00:08.84, start: 0.000000, bitrate: N/A
  Stream #0:0, 125, 1/25: Video: png, 1 reference frame, rgba(pc, gbr/unknown/unknown), 50x50 [SAR 11811:11811 DAR 1:1], 0/1, 25 fps, 25 tbr, 25 tbn
Successfully opened the file.
Parsing a group of options: output url C:/Users/Rafio/Documents/Drawings/PitbullAnimations/PREIdlePitbullS.mp4.
Applying option profile:v (set profile) with argument baseline.
Applying option pix_fmt (set pixel format) with argument yuv420p.
Successfully parsed a group of options.
Opening an output file: C:/Users/Rafio/Documents/Drawings/PitbullAnimations/PREIdlePitbullS.mp4.
detected 12 logical cores
[file @ 000001ea089e7040] Setting default whitelist 'file,crypto,data'
Successfully opened the file.
Stream mapping:
  Stream #0:0 -> #0:0 (png (native) -> h264 (libx264))
[vost#0:0/libx264 @ 000001ea08a47680] cur_dts is invalid [init:0 i_done:0 finish:0] (this is harmless if it occurs once at the start per stream)
    Last message repeated 12 times
[graph 0 input from stream 0:0 @ 000001ea08b57c80] Setting 'video_size' to value '50x50'
[graph 0 input from stream 0:0 @ 000001ea08b57c80] Setting 'pix_fmt' to value '26'
[graph 0 input from stream 0:0 @ 000001ea08b57c80] Setting 'time_base' to value '1/30'
[graph 0 input from stream 0:0 @ 000001ea08b57c80] Setting 'pixel_aspect' to value '11811/11811'
[graph 0 input from stream 0:0 @ 000001ea08b57c80] Setting 'frame_rate' to value '30/1'
[graph 0 input from stream 0:0 @ 000001ea08b57c80] w:50 h:50 pixfmt:rgba tb:1/30 fr:30/1 sar:11811/11811
[format @ 000001ea08b59500] Setting 'pix_fmts' to value 'yuv420p'
[auto_scale_0 @ 000001ea08b59980] w:iw h:ih flags:'' interl:0
[format @ 000001ea08b59500] auto-inserting filter 'auto_scale_0' between the filter 'Parsed_null_0' and the filter 'format'
[AVFilterGraph @ 000001ea08b43fc0] query_formats: 4 queried, 3 merged, 1 already done, 0 delayed
[auto_scale_0 @ 000001ea08b59980] w:50 h:50 fmt:rgba sar:11811/11811 -> w:50 h:50 fmt:yuv420p sar:1/1 flags:0x00000004
    Last message repeated 3 times
[libx264 @ 000001ea08a47940] using mv_range_thread = 24
[libx264 @ 000001ea08a47940] using SAR=1/1
[libx264 @ 000001ea08a47940] using cpu capabilities: MMX2 SSE2Fast SSSE3 SSE4.2 AVX FMA3 BMI2 AVX2
[libx264 @ 000001ea08a47940] profile Constrained Baseline, level 1.0, 4:2:0, 8-bit
[libx264 @ 000001ea08a47940] 264 - core 164 r3107 a8b68eb - H.264/MPEG-4 AVC codec - Copyleft 2003-2023 - http://www.videolan.org/x264.html - options: cabac=0 ref=3 deblock=1:0:0 analyse=0x1:0x111 me=hex subme=7 psy=1 psy_rd=1.00:0.00 mixed_ref=1 me_range=16 chroma_me=1 trellis=1 8x8dct=0 cqm=0 deadzone=21,11 fast_pskip=1 chroma_qp_offset=-2 threads=2 lookahead_threads=1 sliced_threads=0 nr=0 decimate=1 interlaced=0 bluray_compat=0 constrained_intra=0 bframes=0 weightp=0 keyint=250 keyint_min=25 scenecut=40 intra_refresh=0 rc_lookahead=40 rc=crf mbtree=1 crf=23.0 qcomp=0.60 qpmin=0 qpmax=69 qpstep=4 ip_ratio=1.40 aq=1:1.00
Output #0, mp4, to 'C:/Users/Rafio/Documents/Drawings/PitbullAnimations/PREIdlePitbullS.mp4':
  Metadata:
    encoder         : Lavf60.5.100
  Stream #0:0, 0, 1/15360: Video: h264, 1 reference frame (avc1 / 0x31637661), yuv420p(tv, progressive), 50x50 (0x0) [SAR 1:1 DAR 1:1], 0/1, q=2-31, 30 fps, 15360 tbn
    Metadata:
      encoder         : Lavc60.10.100 libx264
    Side data:
      cpb: bitrate max/min/avg: 0/0/0 buffer size: 0 vbv_delay: N/A
[vost#0:0/libx264 @ 000001ea08a47680] Clipping frame in rate conversion by 0.000008
frame=    0 fps=0.0 q=0.0 size=       0kB time=-577014:32:22.77 bitrate=  -0.0kbits/s speed=N/A    [libx264 @ 000001ea08a47940] frame=   0 QP=16.75 NAL=3 Slice:I Poc:0   I:16   P:0    SKIP:0    size=499 bytes
[libx264 @ 000001ea08a47940] frame=   1 QP=12.00 NAL=2 Slice:P Poc:2   I:0    P:0    SKIP:16   size=10 bytes
[libx264 @ 000001ea08a47940] frame=   2 QP=12.00 NAL=2 Slice:P Poc:4   I:0    P:0    SKIP:16   size=10 bytes
[libx264 @ 000001ea08a47940] frame=   3 QP=12.00 NAL=2 Slice:P Poc:6   I:0    P:0    SKIP:16   size=10 bytes
[libx264 @ 000001ea08a47940] frame=   4 QP=12.00 NAL=2 Slice:P Poc:8   I:0    P:0    SKIP:16   size=10 bytes
[libx264 @ 000001ea08a47940] frame=   5 QP=12.00 NAL=2 Slice:P Poc:10  I:0    P:0    SKIP:16   size=10 bytes
[libx264 @ 000001ea08a47940] frame=   6 QP=12.00 NAL=2 Slice:P Poc:12  I:0    P:0    SKIP:16   size=10 bytes
[libx264 @ 000001ea08a47940] frame=   7 QP=12.00 NAL=2 Slice:P Poc:14  I:0    P:0    SKIP:16   size=10 bytes
[libx264 @ 000001ea08a47940] frame=   8 QP=12.00 NAL=2 Slice:P Poc:16  I:0    P:0    SKIP:16   size=10 bytes
[libx264 @ 000001ea08a47940] frame=   9 QP=12.00 NAL=2 Slice:P Poc:18  I:0    P:0    SKIP:16   size=10 bytes
[libx264 @ 000001ea08a47940] frame=  10 QP=17.75 NAL=2 Slice:P Poc:20  I:0    P:3    SKIP:13   size=69 bytes
[libx264 @ 000001ea08a47940] frame=  11 QP=12.00 NAL=2 Slice:P Poc:22  I:0    P:0    SKIP:16   size=10 bytes
[libx264 @ 000001ea08a47940] frame=  12 QP=12.00 NAL=2 Slice:P Poc:24  I:0    P:0    SKIP:16   size=10 bytes
[libx264 @ 000001ea08a47940] frame=  13 QP=12.00 NAL=2 Slice:P Poc:26  I:0    P:0    SKIP:16   size=10 bytes
[libx264 @ 000001ea08a47940] frame=  14 QP=12.00 NAL=2 Slice:P Poc:28  I:0    P:0    SKIP:16   size=10 bytes
[libx264 @ 000001ea08a47940] frame=  15 QP=17.69 NAL=2 Slice:P Poc:30  I:0    P:3    SKIP:13   size=90 bytes
[libx264 @ 000001ea08a47940] frame=  16 QP=15.50 NAL=2 Slice:P Poc:32  I:0    P:1    SKIP:15   size=13 bytes
[libx264 @ 000001ea08a47940] frame=  17 QP=12.00 NAL=2 Slice:P Poc:34  I:0    P:0    SKIP:16   size=10 bytes
[libx264 @ 000001ea08a47940] frame=  18 QP=12.00 NAL=2 Slice:P Poc:36  I:0    P:0    SKIP:16   size=10 bytes
[libx264 @ 000001ea08a47940] frame=  19 QP=12.00 NAL=2 Slice:P Poc:38  I:0    P:0    SKIP:16   size=10 bytes
[libx264 @ 000001ea08a47940] frame=  20 QP=16.81 NAL=2 Slice:P Poc:40  I:0    P:2    SKIP:14   size=57 bytes
[libx264 @ 000001ea08a47940] frame=  21 QP=12.00 NAL=2 Slice:P Poc:42  I:0    P:0    SKIP:16   size=10 bytes
[libx264 @ 000001ea08a47940] frame=  22 QP=12.00 NAL=2 Slice:P Poc:44  I:0    P:0    SKIP:16   size=10 bytes
[libx264 @ 000001ea08a47940] frame=  23 QP=12.00 NAL=2 Slice:P Poc:46  I:0    P:0    SKIP:16   size=10 bytes
[libx264 @ 000001ea08a47940] frame=  24 QP=12.00 NAL=2 Slice:P Poc:48  I:0    P:0    SKIP:16   size=10 bytes
[libx264 @ 000001ea08a47940] frame=  25 QP=12.00 NAL=2 Slice:P Poc:50  I:0    P:0    SKIP:16   size=10 bytes
[libx264 @ 000001ea08a47940] frame=  26 QP=12.00 NAL=2 Slice:P Poc:52  I:0    P:0    SKIP:16   size=10 bytes
[libx264 @ 000001ea08a47940] frame=  27 QP=12.00 NAL=2 Slice:P Poc:54  I:0    P:0    SKIP:16   size=10 bytes
[libx264 @ 000001ea08a47940] frame=  28 QP=12.00 NAL=2 Slice:P Poc:56  I:0    P:0    SKIP:16   size=10 bytes
[libx264 @ 000001ea08a47940] frame=  29 QP=12.00 NAL=2 Slice:P Poc:58  I:0    P:0    SKIP:16   size=10 bytes
[libx264 @ 000001ea08a47940] frame=  30 QP=17.25 NAL=2 Slice:P Poc:60  I:0    P:2    SKIP:14   size=53 bytes
[libx264 @ 000001ea08a47940] frame=  31 QP=12.00 NAL=2 Slice:P Poc:62  I:0    P:0    SKIP:16   size=10 bytes
[libx264 @ 000001ea08a47940] frame=  32 QP=12.00 NAL=2 Slice:P Poc:64  I:0    P:0    SKIP:16   size=10 bytes
[libx264 @ 000001ea08a47940] frame=  33 QP=12.00 NAL=2 Slice:P Poc:66  I:0    P:0    SKIP:16   size=10 bytes
[libx264 @ 000001ea08a47940] frame=  34 QP=12.00 NAL=2 Slice:P Poc:68  I:0    P:0    SKIP:16   size=10 bytes
[libx264 @ 000001ea08a47940] frame=  35 QP=16.81 NAL=2 Slice:P Poc:70  I:0    P:2    SKIP:14   size=57 bytes
[libx264 @ 000001ea08a47940] frame=  36 QP=12.00 NAL=2 Slice:P Poc:72  I:0    P:0    SKIP:16   size=10 bytes
[libx264 @ 000001ea08a47940] frame=  37 QP=12.00 NAL=2 Slice:P Poc:74  I:0    P:0    SKIP:16   size=10 bytes
[libx264 @ 000001ea08a47940] frame=  38 QP=12.00 NAL=2 Slice:P Poc:76  I:0    P:0    SKIP:16   size=10 bytes
[libx264 @ 000001ea08a47940] frame=  39 QP=12.00 NAL=2 Slice:P Poc:78  I:0    P:0    SKIP:16   size=10 bytes
[libx264 @ 000001ea08a47940] frame=  40 QP=12.00 NAL=2 Slice:P Poc:80  I:0    P:0    SKIP:16   size=10 bytes
[libx264 @ 000001ea08a47940] frame=  41 QP=12.00 NAL=2 Slice:P Poc:82  I:0    P:0    SKIP:16   size=10 bytes
[libx264 @ 000001ea08a47940] frame=  42 QP=12.00 NAL=2 Slice:P Poc:84  I:0    P:0    SKIP:16   size=10 bytes
[libx264 @ 000001ea08a47940] frame=  43 QP=12.00 NAL=2 Slice:P Poc:86  I:0    P:0    SKIP:16   size=10 bytes
[libx264 @ 000001ea08a47940] frame=  44 QP=12.00 NAL=2 Slice:P Poc:88  I:0    P:0    SKIP:16   size=10 bytes
[libx264 @ 000001ea08a47940] frame=  45 QP=17.25 NAL=2 Slice:P Poc:90  I:0    P:2    SKIP:14   size=52 bytes
[libx264 @ 000001ea08a47940] frame=  46 QP=12.00 NAL=2 Slice:P Poc:92  I:0    P:0    SKIP:16   size=10 bytes
[libx264 @ 000001ea08a47940] frame=  47 QP=12.00 NAL=2 Slice:P Poc:94  I:0    P:0    SKIP:16   size=10 bytes
[libx264 @ 000001ea08a47940] frame=  48 QP=12.00 NAL=2 Slice:P Poc:96  I:0    P:0    SKIP:16   size=10 bytes
[libx264 @ 000001ea08a47940] frame=  49 QP=12.00 NAL=2 Slice:P Poc:98  I:0    P:0    SKIP:16   size=10 bytes
[libx264 @ 000001ea08a47940] frame=  50 QP=16.50 NAL=2 Slice:P Poc:100 I:0    P:2    SKIP:14   size=62 bytes
[libx264 @ 000001ea08a47940] frame=  51 QP=12.00 NAL=2 Slice:P Poc:102 I:0    P:0    SKIP:16   size=10 bytes
[libx264 @ 000001ea08a47940] frame=  52 QP=12.00 NAL=2 Slice:P Poc:104 I:0    P:0    SKIP:16   size=10 bytes
[libx264 @ 000001ea08a47940] frame=  53 QP=12.00 NAL=2 Slice:P Poc:106 I:0    P:0    SKIP:16   size=10 bytes
[libx264 @ 000001ea08a47940] frame=  54 QP=12.00 NAL=2 Slice:P Poc:108 I:0    P:0    SKIP:16   size=10 bytes
[libx264 @ 000001ea08a47940] frame=  55 QP=12.00 NAL=2 Slice:P Poc:110 I:0    P:0    SKIP:16   size=10 bytes
[libx264 @ 000001ea08a47940] frame=  56 QP=12.00 NAL=2 Slice:P Poc:112 I:0    P:0    SKIP:16   size=10 bytes
[libx264 @ 000001ea08a47940] frame=  57 QP=12.00 NAL=2 Slice:P Poc:114 I:0    P:0    SKIP:16   size=10 bytes
[libx264 @ 000001ea08a47940] frame=  58 QP=12.00 NAL=2 Slice:P Poc:116 I:0    P:0    SKIP:16   size=10 bytes
[libx264 @ 000001ea08a47940] frame=  59 QP=12.00 NAL=2 Slice:P Poc:118 I:0    P:0    SKIP:16   size=10 bytes
[libx264 @ 000001ea08a47940] frame=  60 QP=12.00 NAL=2 Slice:P Poc:120 I:0    P:0    SKIP:16   size=10 bytes
[libx264 @ 000001ea08a47940] frame=  61 QP=12.00 NAL=2 Slice:P Poc:122 I:0    P:0    SKIP:16   size=10 bytes
[libx264 @ 000001ea08a47940] frame=  62 QP=12.00 NAL=2 Slice:P Poc:124 I:0    P:0    SKIP:16   size=10 bytes
[libx264 @ 000001ea08a47940] frame=  63 QP=12.00 NAL=2 Slice:P Poc:126 I:0    P:0    SKIP:16   size=10 bytes
[libx264 @ 000001ea08a47940] frame=  64 QP=12.00 NAL=2 Slice:P Poc:128 I:0    P:0    SKIP:16   size=10 bytes
[libx264 @ 000001ea08a47940] frame=  65 QP=12.00 NAL=2 Slice:P Poc:130 I:0    P:0    SKIP:16   size=10 bytes
[libx264 @ 000001ea08a47940] frame=  66 QP=12.00 NAL=2 Slice:P Poc:132 I:0    P:0    SKIP:16   size=10 bytes
[libx264 @ 000001ea08a47940] frame=  67 QP=12.00 NAL=2 Slice:P Poc:134 I:0    P:0    SKIP:16   size=10 bytes
[libx264 @ 000001ea08a47940] frame=  68 QP=12.00 NAL=2 Slice:P Poc:136 I:0    P:0    SKIP:16   size=10 bytes
[image2 @ 000001ea0899bcc0] Opening 'C:/Users/Rafio/Documents/Drawings/PitbullAnimations/IdleFoxS0126.png' for reading
[file @ 000001ea08c2ea80] Setting default whitelist 'file,crypto,data'
[libx264 @ 000001ea08a47940] frame=  69 QP=12.00 NAL=2 Slice:P Poc:138 I:0    P:0    SKIP:16   size=10 bytes
[libx264 @ 000001ea08a47940] frame=  70 QP=12.00 NAL=2 Slice:P Poc:140 I:0    P:0    SKIP:16   size=10 bytes
[AVIOContext @ 000001ea089e9e80] Statistics: 1273 bytes read, 0 seeks
[image2 @ 000001ea0899bcc0] Opening 'C:/Users/Rafio/Documents/Drawings/PitbullAnimations/IdleFoxS0127.png' for reading
[file @ 000001ea08c2ea80] Setting default whitelist 'file,crypto,data'
[libx264 @ 000001ea08a47940] frame=  71 QP=12.00 NAL=2 Slice:P Poc:142 I:0    P:0    SKIP:16   size=10 bytes
[AVIOContext @ 000001ea08a16ec0] Statistics: 1273 bytes read, 0 seeks
[image2 @ 000001ea0899bcc0] Opening 'C:/Users/Rafio/Documents/Drawings/PitbullAnimations/IdleFoxS0128.png' for reading
[libx264 @ 000001ea08a47940] frame=  72 QP=12.00 NAL=2 Slice:P Poc:144 I:0    P:0    SKIP:16   size=10 bytes
[file @ 000001ea08c2e180] Setting default whitelist 'file,crypto,data'
[AVIOContext @ 000001ea08a16ec0] Statistics: 1273 bytes read, 0 seeks
[image2 @ 000001ea0899bcc0] Opening 'C:/Users/Rafio/Documents/Drawings/PitbullAnimations/IdleFoxS0129.png' for reading
[file @ 000001ea08c2e180] Setting default whitelist 'file,crypto,data'
[libx264 @ 000001ea08a47940] frame=  73 QP=12.00 NAL=2 Slice:P Poc:146 I:0    P:0    SKIP:16   size=10 bytes
[AVIOContext @ 000001ea08a16d40] Statistics: 1273 bytes read, 0 seeks
[image2 @ 000001ea0899bcc0] Opening 'C:/Users/Rafio/Documents/Drawings/PitbullAnimations/IdleFoxS0130.png' for reading
[file @ 000001ea08c2e580] Setting default whitelist 'file,crypto,data'
[libx264 @ 000001ea08a47940] frame=  74 QP=12.00 NAL=2 Slice:P Poc:148 I:0    P:0    SKIP:16   size=10 bytes
[AVIOContext @ 000001ea08a16c00] Statistics: 1273 bytes read, 0 seeks
[image2 @ 000001ea0899bcc0] Opening 'C:/Users/Rafio/Documents/Drawings/PitbullAnimations/IdleFoxS0131.png' for reading
[file @ 000001ea08c2e180] Setting default whitelist 'file,crypto,data'
[libx264 @ 000001ea08a47940] frame=  75 QP=18.12 NAL=2 Slice:P Poc:150 I:0    P:1    SKIP:15   size=23 bytes
[AVIOContext @ 000001ea08a16c00] Statistics: 1273 bytes read, 0 seeks
[image2 @ 000001ea0899bcc0] Opening 'C:/Users/Rafio/Documents/Drawings/PitbullAnimations/IdleFoxS0132.png' for reading
[file @ 000001ea08c2e180] Setting default whitelist 'file,crypto,data'
[libx264 @ 000001ea08a47940] frame=  76 QP=12.00 NAL=2 Slice:P Poc:152 I:0    P:0    SKIP:16   size=10 bytes
[AVIOContext @ 000001ea08a16c00] Statistics: 1273 bytes read, 0 seeks
[image2 @ 000001ea0899bcc0] Opening 'C:/Users/Rafio/Documents/Drawings/PitbullAnimations/IdleFoxS0133.png' for reading
[file @ 000001ea08c2e180] Setting default whitelist 'file,crypto,data'
[libx264 @ 000001ea08a47940] frame=  77 QP=19.00 NAL=2 Slice:P Poc:154 I:0    P:2    SKIP:14   size=51 bytes
[AVIOContext @ 000001ea08a16ec0] Statistics: 1273 bytes read, 0 seeks
[image2 @ 000001ea0899bcc0] Opening 'C:/Users/Rafio/Documents/Drawings/PitbullAnimations/IdleFoxS0134.png' for reading
[file @ 000001ea08c2e580] Setting default whitelist 'file,crypto,data'
[libx264 @ 000001ea08a47940] frame=  78 QP=12.00 NAL=2 Slice:P Poc:156 I:0    P:0    SKIP:16   size=10 bytes
[AVIOContext @ 000001ea08a16ec0] Statistics: 1273 bytes read, 0 seeks
[image2 @ 000001ea0899bcc0] Opening 'C:/Users/Rafio/Documents/Drawings/PitbullAnimations/IdleFoxS0135.png' for reading
[file @ 000001ea08c2e180] Setting default whitelist 'file,crypto,data'
[libx264 @ 000001ea08a47940] frame=  79 QP=18.75 NAL=2 Slice:P Poc:158 I:0    P:2    SKIP:14   size=70 bytes
[AVIOContext @ 000001ea08a17000] Statistics: 1273 bytes read, 0 seeks
[image2 @ 000001ea0899bcc0] Opening 'C:/Users/Rafio/Documents/Drawings/PitbullAnimations/IdleFoxS0136.png' for reading
[file @ 000001ea08c2ea80] Setting default whitelist 'file,crypto,data'
[libx264 @ 000001ea08a47940] frame=  80 QP=12.00 NAL=2 Slice:P Poc:160 I:0    P:0    SKIP:16   size=10 bytes
[AVIOContext @ 000001ea08a16ec0] Statistics: 1273 bytes read, 0 seeks
[image2 @ 000001ea0899bcc0] Opening 'C:/Users/Rafio/Documents/Drawings/PitbullAnimations/IdleFoxS0137.png' for reading
[file @ 000001ea08c2e180] Setting default whitelist 'file,crypto,data'
[libx264 @ 000001ea08a47940] frame=  81 QP=20.56 NAL=2 Slice:P Poc:162 I:1    P:3    SKIP:12   size=127 bytes
[AVIOContext @ 000001ea08a16d40] Statistics: 1273 bytes read, 0 seeks
[image2 @ 000001ea0899bcc0] Opening 'C:/Users/Rafio/Documents/Drawings/PitbullAnimations/IdleFoxS0138.png' for reading
[file @ 000001ea08c2e180] Setting default whitelist 'file,crypto,data'
[libx264 @ 000001ea08a47940] frame=  82 QP=12.00 NAL=2 Slice:P Poc:164 I:0    P:0    SKIP:16   size=10 bytes
[AVIOContext @ 000001ea08a16ec0] Statistics: 1273 bytes read, 0 seeks
[image2 @ 000001ea0899bcc0] Opening 'C:/Users/Rafio/Documents/Drawings/PitbullAnimations/IdleFoxS0139.png' for reading
[file @ 000001ea08c2e180] Setting default whitelist 'file,crypto,data'
[libx264 @ 000001ea08a47940] frame=  83 QP=21.25 NAL=2 Slice:P Poc:166 I:0    P:4    SKIP:12   size=93 bytes
[AVIOContext @ 000001ea08a16d40] Statistics: 1273 bytes read, 0 seeks
[image2 @ 000001ea0899bcc0] Opening 'C:/Users/Rafio/Documents/Drawings/PitbullAnimations/IdleFoxS0140.png' for reading
[file @ 000001ea08c2e180] Setting default whitelist 'file,crypto,data'
[libx264 @ 000001ea08a47940] frame=  84 QP=12.00 NAL=2 Slice:P Poc:168 I:0    P:0    SKIP:16   size=10 bytes
[AVIOContext @ 000001ea08a16ec0] Statistics: 1274 bytes read, 0 seeks
[image2 @ 000001ea0899bcc0] Opening 'C:/Users/Rafio/Documents/Drawings/PitbullAnimations/IdleFoxS0141.png' for reading
[file @ 000001ea08c2ea80] Setting default whitelist 'file,crypto,data'
[libx264 @ 000001ea08a47940] frame=  85 QP=22.00 NAL=2 Slice:P Poc:170 I:0    P:1    SKIP:15   size=22 bytes
[AVIOContext @ 000001ea08a16ec0] Statistics: 1261 bytes read, 0 seeks
[image2 @ 000001ea0899bcc0] Opening 'C:/Users/Rafio/Documents/Drawings/PitbullAnimations/IdleFoxS0142.png' for reading
[file @ 000001ea08c2e180] Setting default whitelist 'file,crypto,data'
[libx264 @ 000001ea08a47940] frame=  86 QP=11.00 NAL=2 Slice:P Poc:172 I:0    P:0    SKIP:16   size=10 bytes
[AVIOContext @ 000001ea08a16a80] Statistics: 1294 bytes read, 0 seeks
[image2 @ 000001ea0899bcc0] Opening 'C:/Users/Rafio/Documents/Drawings/PitbullAnimations/IdleFoxS0143.png' for reading
[file @ 000001ea08c2e180] Setting default whitelist 'file,crypto,data'
[libx264 @ 000001ea08a47940] frame=  87 QP=22.88 NAL=2 Slice:P Poc:174 I:0    P:2    SKIP:14   size=35 bytes
[AVIOContext @ 000001ea08a16a80] Statistics: 1304 bytes read, 0 seeks
[image2 @ 000001ea0899bcc0] Opening 'C:/Users/Rafio/Documents/Drawings/PitbullAnimations/IdleFoxS0144.png' for reading
[file @ 000001ea08c2e180] Setting default whitelist 'file,crypto,data'
[libx264 @ 000001ea08a47940] frame=  88 QP=11.00 NAL=2 Slice:P Poc:176 I:0    P:0    SKIP:16   size=10 bytes
[AVIOContext @ 000001ea08a16c00] Statistics: 1304 bytes read, 0 seeks
[image2 @ 000001ea0899bcc0] Opening 'C:/Users/Rafio/Documents/Drawings/PitbullAnimations/IdleFoxS0145.png' for reading
[file @ 000001ea08c2e180] Setting default whitelist 'file,crypto,data'
[libx264 @ 000001ea08a47940] frame=  89 QP=22.00 NAL=2 Slice:P Poc:178 I:0    P:2    SKIP:14   size=51 bytes
[AVIOContext @ 000001ea08a16a80] Statistics: 1264 bytes read, 0 seeks
[image2 @ 000001ea0899bcc0] Opening 'C:/Users/Rafio/Documents/Drawings/PitbullAnimations/IdleFoxS0146.png' for reading
[file @ 000001ea08c2ea80] Setting default whitelist 'file,crypto,data'
[libx264 @ 000001ea08a47940] frame=  90 QP=9.00 NAL=2 Slice:P Poc:180 I:0    P:0    SKIP:16   size=10 bytes
[AVIOContext @ 000001ea08a16c00] Statistics: 1264 bytes read, 0 seeks
[image2 @ 000001ea0899bcc0] Opening 'C:/Users/Rafio/Documents/Drawings/PitbullAnimations/IdleFoxS0147.png' for reading
[file @ 000001ea08c2cc80] Setting default whitelist 'file,crypto,data'
[libx264 @ 000001ea08a47940] frame=  91 QP=22.25 NAL=2 Slice:P Poc:182 I:0    P:2    SKIP:14   size=55 bytes
[AVIOContext @ 000001ea08a16d40] Statistics: 1225 bytes read, 0 seeks
[image2 @ 000001ea0899bcc0] Opening 'C:/Users/Rafio/Documents/Drawings/PitbullAnimations/IdleFoxS0148.png' for reading
[file @ 000001ea08c2cc80] Setting default whitelist 'file,crypto,data'
[libx264 @ 000001ea08a47940] frame=  92 QP=6.00 NAL=2 Slice:P Poc:184 I:0    P:0    SKIP:16   size=10 bytes
[AVIOContext @ 000001ea08a16ec0] Statistics: 1225 bytes read, 0 seeks
[image2 @ 000001ea0899bcc0] Opening 'C:/Users/Rafio/Documents/Drawings/PitbullAnimations/IdleFoxS0149.png' for reading
[file @ 000001ea08c2e180] Setting default whitelist 'file,crypto,data'
[libx264 @ 000001ea08a47940] frame=  93 QP=8.00 NAL=2 Slice:P Poc:186 I:0    P:2    SKIP:14   size=12 bytes
[AVIOContext @ 000001ea08a16a80] Statistics: 1209 bytes read, 0 seeks
[image2 @ 000001ea0899bcc0] Opening 'C:/Users/Rafio/Documents/Drawings/PitbullAnimations/IdleFoxS0150.png' for reading
[file @ 000001ea08c2e580] Setting default whitelist 'file,crypto,data'
[libx264 @ 000001ea08a47940] frame=  94 QP=7.00 NAL=2 Slice:P Poc:188 I:0    P:0    SKIP:16   size=10 bytes
[AVIOContext @ 000001ea08a16c00] Statistics: 1209 bytes read, 0 seeks
[image2 @ 000001ea0899bcc0] Opening 'C:/Users/Rafio/Documents/Drawings/PitbullAnimations/IdleFoxS0151.png' for reading
[file @ 000001ea08c2e180] Setting default whitelist 'file,crypto,data'
[libx264 @ 000001ea08a47940] frame=  95 QP=24.31 NAL=2 Slice:P Poc:190 I:0    P:2    SKIP:14   size=46 bytes
[AVIOContext @ 000001ea08a16c00] Statistics: 1205 bytes read, 0 seeks
[image2 @ 000001ea0899bcc0] Opening 'C:/Users/Rafio/Documents/Drawings/PitbullAnimations/IdleFoxS0152.png' for reading
[file @ 000001ea08c2e180] Setting default whitelist 'file,crypto,data'
[libx264 @ 000001ea08a47940] frame=  96 QP=12.00 NAL=2 Slice:P Poc:192 I:0    P:0    SKIP:16   size=10 bytes
[AVIOContext @ 000001ea08a16a80] Statistics: 1205 bytes read, 0 seeks
[image2 @ 000001ea0899bcc0] Opening 'C:/Users/Rafio/Documents/Drawings/PitbullAnimations/IdleFoxS0153.png' for reading
[file @ 000001ea08c2e580] Setting default whitelist 'file,crypto,data'
[libx264 @ 000001ea08a47940] frame=  97 QP=20.94 NAL=2 Slice:P Poc:194 I:0    P:3    SKIP:13   size=131 bytes
[AVIOContext @ 000001ea08a16d40] Statistics: 1239 bytes read, 0 seeks
[image2 @ 000001ea0899bcc0] Opening 'C:/Users/Rafio/Documents/Drawings/PitbullAnimations/IdleFoxS0154.png' for reading
[file @ 000001ea08c2e180] Setting default whitelist 'file,crypto,data'
[libx264 @ 000001ea08a47940] frame=  98 QP=12.00 NAL=2 Slice:P Poc:196 I:0    P:0    SKIP:16   size=10 bytes
[AVIOContext @ 000001ea08a16ec0] Statistics: 1239 bytes read, 0 seeks
[image2 @ 000001ea0899bcc0] Opening 'C:/Users/Rafio/Documents/Drawings/PitbullAnimations/IdleFoxS0155.png' for reading
[file @ 000001ea08c2e180] Setting default whitelist 'file,crypto,data'
[libx264 @ 000001ea08a47940] frame=  99 QP=20.50 NAL=2 Slice:P Poc:198 I:0    P:2    SKIP:14   size=119 bytes
[AVIOContext @ 000001ea08a16a80] Statistics: 1239 bytes read, 0 seeks
[image2 @ 000001ea0899bcc0] Opening 'C:/Users/Rafio/Documents/Drawings/PitbullAnimations/IdleFoxS0156.png' for reading
[file @ 000001ea08c2e180] Setting default whitelist 'file,crypto,data'
[libx264 @ 000001ea08a47940] frame= 100 QP=12.00 NAL=2 Slice:P Poc:200 I:0    P:0    SKIP:16   size=10 bytes
[AVIOContext @ 000001ea08a16ec0] Statistics: 1239 bytes read, 0 seeks
[image2 @ 000001ea0899bcc0] Opening 'C:/Users/Rafio/Documents/Drawings/PitbullAnimations/IdleFoxS0157.png' for reading
[file @ 000001ea08c2ea80] Setting default whitelist 'file,crypto,data'
[libx264 @ 000001ea08a47940] frame= 101 QP=20.06 NAL=2 Slice:P Poc:202 I:0    P:3    SKIP:13   size=162 bytes
[AVIOContext @ 000001ea08a16d40] Statistics: 1239 bytes read, 0 seeks
[image2 @ 000001ea0899bcc0] Opening 'C:/Users/Rafio/Documents/Drawings/PitbullAnimations/IdleFoxS0158.png' for reading
[file @ 000001ea08c2ea80] Setting default whitelist 'file,crypto,data'
[AVIOContext @ 000001ea08a16c00] Statistics: 1239 bytes read, 0 seeks
[libx264 @ 000001ea08a47940] frame= 102 QP=12.00 NAL=2 Slice:P Poc:204 I:0    P:0    SKIP:16   size=10 bytes
[image2 @ 000001ea0899bcc0] Opening 'C:/Users/Rafio/Documents/Drawings/PitbullAnimations/IdleFoxS0159.png' for reading
[file @ 000001ea08c2e180] Setting default whitelist 'file,crypto,data'
[libx264 @ 000001ea08a47940] frame= 103 QP=12.00 NAL=2 Slice:P Poc:206 I:0    P:0    SKIP:16   size=10 bytes
[AVIOContext @ 000001ea08a16a80] Statistics: 1239 bytes read, 0 seeks
[image2 @ 000001ea0899bcc0] Opening 'C:/Users/Rafio/Documents/Drawings/PitbullAnimations/IdleFoxS0160.png' for reading
[file @ 000001ea08c2ea80] Setting default whitelist 'file,crypto,data'
[libx264 @ 000001ea08a47940] frame= 104 QP=12.00 NAL=2 Slice:P Poc:208 I:0    P:0    SKIP:16   size=10 bytes
[AVIOContext @ 000001ea08a16a80] Statistics: 1239 bytes read, 0 seeks
[image2 @ 000001ea0899bcc0] Opening 'C:/Users/Rafio/Documents/Drawings/PitbullAnimations/IdleFoxS0161.png' for reading
[file @ 000001ea08c2ea80] Setting default whitelist 'file,crypto,data'
[libx264 @ 000001ea08a47940] frame= 105 QP=12.00 NAL=2 Slice:P Poc:210 I:0    P:0    SKIP:16   size=10 bytes
[AVIOContext @ 000001ea08a16d40] Statistics: 1239 bytes read, 0 seeks
[image2 @ 000001ea0899bcc0] Opening 'C:/Users/Rafio/Documents/Drawings/PitbullAnimations/IdleFoxS0162.png' for reading
[file @ 000001ea08c2e180] Setting default whitelist 'file,crypto,data'
[libx264 @ 000001ea08a47940] frame= 106 QP=12.00 NAL=2 Slice:P Poc:212 I:0    P:0    SKIP:16   size=10 bytes
[AVIOContext @ 000001ea08a16d40] Statistics: 1239 bytes read, 0 seeks
[image2 @ 000001ea0899bcc0] Opening 'C:/Users/Rafio/Documents/Drawings/PitbullAnimations/IdleFoxS0163.png' for reading
[file @ 000001ea08c2ea80] Setting default whitelist 'file,crypto,data'
[libx264 @ 000001ea08a47940] frame= 107 QP=12.00 NAL=2 Slice:P Poc:214 I:0    P:0    SKIP:16   size=10 bytes
[AVIOContext @ 000001ea08a16d40] Statistics: 1239 bytes read, 0 seeks
[image2 @ 000001ea0899bcc0] Opening 'C:/Users/Rafio/Documents/Drawings/PitbullAnimations/IdleFoxS0164.png' for reading
[file @ 000001ea08c2e180] Setting default whitelist 'file,crypto,data'
[libx264 @ 000001ea08a47940] frame= 108 QP=12.00 NAL=2 Slice:P Poc:216 I:0    P:0    SKIP:16   size=10 bytes
[AVIOContext @ 000001ea08a16a80] Statistics: 1239 bytes read, 0 seeks
[image2 @ 000001ea0899bcc0] Opening 'C:/Users/Rafio/Documents/Drawings/PitbullAnimations/IdleFoxS0165.png' for reading
[file @ 000001ea08c2ea80] Setting default whitelist 'file,crypto,data'
[libx264 @ 000001ea08a47940] frame= 109 QP=12.00 NAL=2 Slice:P Poc:218 I:0    P:0    SKIP:16   size=10 bytes
[AVIOContext @ 000001ea08a16a80] Statistics: 1239 bytes read, 0 seeks
[image2 @ 000001ea0899bcc0] Opening 'C:/Users/Rafio/Documents/Drawings/PitbullAnimations/IdleFoxS0166.png' for reading
[file @ 000001ea08c2ea80] Setting default whitelist 'file,crypto,data'
[libx264 @ 000001ea08a47940] frame= 110 QP=12.00 NAL=2 Slice:P Poc:220 I:0    P:0    SKIP:16   size=10 bytes
[AVIOContext @ 000001ea08a16d40] Statistics: 1239 bytes read, 0 seeks
[image2 @ 000001ea0899bcc0] Opening 'C:/Users/Rafio/Documents/Drawings/PitbullAnimations/IdleFoxS0167.png' for reading
[file @ 000001ea08c2e180] Setting default whitelist 'file,crypto,data'
[libx264 @ 000001ea08a47940] frame= 111 QP=12.00 NAL=2 Slice:P Poc:222 I:0    P:0    SKIP:16   size=10 bytes
[AVIOContext @ 000001ea08a16ec0] Statistics: 1239 bytes read, 0 seeks
[image2 @ 000001ea0899bcc0] Opening 'C:/Users/Rafio/Documents/Drawings/PitbullAnimations/IdleFoxS0168.png' for reading
[file @ 000001ea08c2e180] Setting default whitelist 'file,crypto,data'
[libx264 @ 000001ea08a47940] frame= 112 QP=12.00 NAL=2 Slice:P Poc:224 I:0    P:0    SKIP:16   size=10 bytes
[AVIOContext @ 000001ea08a16d40] Statistics: 1239 bytes read, 0 seeks
[image2 @ 000001ea0899bcc0] Opening 'C:/Users/Rafio/Documents/Drawings/PitbullAnimations/IdleFoxS0169.png' for reading
[file @ 000001ea08c2e180] Setting default whitelist 'file,crypto,data'
[libx264 @ 000001ea08a47940] frame= 113 QP=12.00 NAL=2 Slice:P Poc:226 I:0    P:0    SKIP:16   size=10 bytes
[AVIOContext @ 000001ea08a16ec0] Statistics: 1239 bytes read, 0 seeks
[image2 @ 000001ea0899bcc0] Opening 'C:/Users/Rafio/Documents/Drawings/PitbullAnimations/IdleFoxS0170.png' for reading
[file @ 000001ea08c2e180] Setting default whitelist 'file,crypto,data'
[libx264 @ 000001ea08a47940] frame= 114 QP=12.00 NAL=2 Slice:P Poc:228 I:0    P:0    SKIP:16   size=10 bytes
[AVIOContext @ 000001ea08a16ec0] Statistics: 1239 bytes read, 0 seeks
[image2 @ 000001ea0899bcc0] Opening 'C:/Users/Rafio/Documents/Drawings/PitbullAnimations/IdleFoxS0171.png' for reading
[file @ 000001ea08c2e180] Setting default whitelist 'file,crypto,data'
[libx264 @ 000001ea08a47940] frame= 115 QP=12.00 NAL=2 Slice:P Poc:230 I:0    P:0    SKIP:16   size=10 bytes
[AVIOContext @ 000001ea08a16d40] Statistics: 1239 bytes read, 0 seeks
[image2 @ 000001ea0899bcc0] Opening 'C:/Users/Rafio/Documents/Drawings/PitbullAnimations/IdleFoxS0172.png' for reading
[file @ 000001ea08c2e180] Setting default whitelist 'file,crypto,data'
[libx264 @ 000001ea08a47940] frame= 116 QP=12.00 NAL=2 Slice:P Poc:232 I:0    P:0    SKIP:16   size=10 bytes
[AVIOContext @ 000001ea08a16a80] Statistics: 1239 bytes read, 0 seeks
[image2 @ 000001ea0899bcc0] Opening 'C:/Users/Rafio/Documents/Drawings/PitbullAnimations/IdleFoxS0173.png' for reading
[file @ 000001ea08c2e180] Setting default whitelist 'file,crypto,data'
[libx264 @ 000001ea08a47940] frame= 117 QP=12.00 NAL=2 Slice:P Poc:234 I:0    P:0    SKIP:16   size=10 bytes
[AVIOContext @ 000001ea08a16c00] Statistics: 1239 bytes read, 0 seeks
[image2 @ 000001ea0899bcc0] Opening 'C:/Users/Rafio/Documents/Drawings/PitbullAnimations/IdleFoxS0174.png' for reading
[file @ 000001ea08c2e180] Setting default whitelist 'file,crypto,data'
[libx264 @ 000001ea08a47940] frame= 118 QP=12.00 NAL=2 Slice:P Poc:236 I:0    P:0    SKIP:16   size=10 bytes
[AVIOContext @ 000001ea08a17000] Statistics: 1239 bytes read, 0 seeks
[image2 @ 000001ea0899bcc0] Opening 'C:/Users/Rafio/Documents/Drawings/PitbullAnimations/IdleFoxS0175.png' for reading
[file @ 000001ea08c2e180] Setting default whitelist 'file,crypto,data'
[libx264 @ 000001ea08a47940] frame= 119 QP=12.00 NAL=2 Slice:P Poc:238 I:0    P:0    SKIP:16   size=10 bytes
[AVIOContext @ 000001ea08a17000] Statistics: 1239 bytes read, 0 seeks
[image2 @ 000001ea0899bcc0] Opening 'C:/Users/Rafio/Documents/Drawings/PitbullAnimations/IdleFoxS0176.png' for reading
[file @ 000001ea08c2ea80] Setting default whitelist 'file,crypto,data'
[libx264 @ 000001ea08a47940] frame= 120 QP=12.00 NAL=2 Slice:P Poc:240 I:0    P:0    SKIP:16   size=10 bytes
[AVIOContext @ 000001ea08a17000] Statistics: 1239 bytes read, 0 seeks
[image2 @ 000001ea0899bcc0] Opening 'C:/Users/Rafio/Documents/Drawings/PitbullAnimations/IdleFoxS0177.png' for reading
[file @ 000001ea08c2e180] Setting default whitelist 'file,crypto,data'
[libx264 @ 000001ea08a47940] frame= 121 QP=12.00 NAL=2 Slice:P Poc:242 I:0    P:0    SKIP:16   size=10 bytes
[AVIOContext @ 000001ea08a16ec0] Statistics: 1239 bytes read, 0 seeks
[image2 @ 000001ea0899bcc0] Opening 'C:/Users/Rafio/Documents/Drawings/PitbullAnimations/IdleFoxS0178.png' for reading
[file @ 000001ea08c2e580] Setting default whitelist 'file,crypto,data'
[libx264 @ 000001ea08a47940] frame= 122 QP=12.00 NAL=2 Slice:P Poc:244 I:0    P:0    SKIP:16   size=10 bytes
[AVIOContext @ 000001ea08a16c00] Statistics: 1239 bytes read, 0 seeks
[image2 @ 000001ea0899bcc0] Opening 'C:/Users/Rafio/Documents/Drawings/PitbullAnimations/IdleFoxS0179.png' for reading
[file @ 000001ea08c2e580] Setting default whitelist 'file,crypto,data'
[libx264 @ 000001ea08a47940] frame= 123 QP=12.00 NAL=2 Slice:P Poc:246 I:0    P:0    SKIP:16   size=10 bytes
[AVIOContext @ 000001ea08a17000] Statistics: 1239 bytes read, 0 seeks
[image2 @ 000001ea0899bcc0] Opening 'C:/Users/Rafio/Documents/Drawings/PitbullAnimations/IdleFoxS0180.png' for reading
[file @ 000001ea08c2e180] Setting default whitelist 'file,crypto,data'
[libx264 @ 000001ea08a47940] frame= 124 QP=12.00 NAL=2 Slice:P Poc:248 I:0    P:0    SKIP:16   size=10 bytes
[AVIOContext @ 000001ea08a16a80] Statistics: 1196 bytes read, 0 seeks
[image2 @ 000001ea0899bcc0] Opening 'C:/Users/Rafio/Documents/Drawings/PitbullAnimations/IdleFoxS0181.png' for reading
[file @ 000001ea08c2e180] Setting default whitelist 'file,crypto,data'
[libx264 @ 000001ea08a47940] frame= 125 QP=12.00 NAL=2 Slice:P Poc:250 I:0    P:0    SKIP:16   size=10 bytes
[AVIOContext @ 000001ea08a16d40] Statistics: 1196 bytes read, 0 seeks
[image2 @ 000001ea0899bcc0] Opening 'C:/Users/Rafio/Documents/Drawings/PitbullAnimations/IdleFoxS0182.png' for reading
[file @ 000001ea08c2e580] Setting default whitelist 'file,crypto,data'
[libx264 @ 000001ea08a47940] frame= 126 QP=12.00 NAL=2 Slice:P Poc:252 I:0    P:0    SKIP:16   size=10 bytes
[AVIOContext @ 000001ea08a16d40] Statistics: 1196 bytes read, 0 seeks
[image2 @ 000001ea0899bcc0] Opening 'C:/Users/Rafio/Documents/Drawings/PitbullAnimations/IdleFoxS0183.png' for reading
[file @ 000001ea08c2ea80] Setting default whitelist 'file,crypto,data'
[libx264 @ 000001ea08a47940] frame= 127 QP=12.00 NAL=2 Slice:P Poc:254 I:0    P:0    SKIP:16   size=10 bytes
[AVIOContext @ 000001ea08a16ec0] Statistics: 1196 bytes read, 0 seeks
[image2 @ 000001ea0899bcc0] Opening 'C:/Users/Rafio/Documents/Drawings/PitbullAnimations/IdleFoxS0184.png' for reading
[file @ 000001ea08c2e180] Setting default whitelist 'file,crypto,data'
[libx264 @ 000001ea08a47940] frame= 128 QP=12.00 NAL=2 Slice:P Poc:256 I:0    P:0    SKIP:16   size=10 bytes
[AVIOContext @ 000001ea08a16a80] Statistics: 1196 bytes read, 0 seeks
[image2 @ 000001ea0899bcc0] Opening 'C:/Users/Rafio/Documents/Drawings/PitbullAnimations/IdleFoxS0185.png' for reading
[file @ 000001ea08c2cc80] Setting default whitelist 'file,crypto,data'
[libx264 @ 000001ea08a47940] frame= 129 QP=12.00 NAL=2 Slice:P Poc:258 I:0    P:0    SKIP:16   size=10 bytes
[AVIOContext @ 000001ea08a16c00] Statistics: 1188 bytes read, 0 seeks
[image2 @ 000001ea0899bcc0] Opening 'C:/Users/Rafio/Documents/Drawings/PitbullAnimations/IdleFoxS0186.png' for reading
[file @ 000001ea08c2e180] Setting default whitelist 'file,crypto,data'
[libx264 @ 000001ea08a47940] frame= 130 QP=12.00 NAL=2 Slice:P Poc:260 I:0    P:0    SKIP:16   size=10 bytes
[AVIOContext @ 000001ea08a16ec0] Statistics: 1188 bytes read, 0 seeks
[image2 @ 000001ea0899bcc0] Opening 'C:/Users/Rafio/Documents/Drawings/PitbullAnimations/IdleFoxS0187.png' for reading
[file @ 000001ea08c2e180] Setting default whitelist 'file,crypto,data'
[libx264 @ 000001ea08a47940] frame= 131 QP=12.00 NAL=2 Slice:P Poc:262 I:0    P:0    SKIP:16   size=10 bytes
[AVIOContext @ 000001ea08a16a80] Statistics: 1188 bytes read, 0 seeks
[image2 @ 000001ea0899bcc0] Opening 'C:/Users/Rafio/Documents/Drawings/PitbullAnimations/IdleFoxS0188.png' for reading
[file @ 000001ea08c2e180] Setting default whitelist 'file,crypto,data'
[libx264 @ 000001ea08a47940] frame= 132 QP=12.00 NAL=2 Slice:P Poc:264 I:0    P:0    SKIP:16   size=10 bytes
[AVIOContext @ 000001ea08a16ec0] Statistics: 1188 bytes read, 0 seeks
[image2 @ 000001ea0899bcc0] Opening 'C:/Users/Rafio/Documents/Drawings/PitbullAnimations/IdleFoxS0189.png' for reading
[file @ 000001ea08c2e180] Setting default whitelist 'file,crypto,data'
[libx264 @ 000001ea08a47940] frame= 133 QP=12.00 NAL=2 Slice:P Poc:266 I:0    P:0    SKIP:16   size=10 bytes
[AVIOContext @ 000001ea08a16c00] Statistics: 1188 bytes read, 0 seeks
[image2 @ 000001ea0899bcc0] Opening 'C:/Users/Rafio/Documents/Drawings/PitbullAnimations/IdleFoxS0190.png' for reading
[file @ 000001ea08c2e580] Setting default whitelist 'file,crypto,data'
[libx264 @ 000001ea08a47940] frame= 134 QP=12.00 NAL=2 Slice:P Poc:268 I:0    P:0    SKIP:16   size=10 bytes
[AVIOContext @ 000001ea08a16c00] Statistics: 1188 bytes read, 0 seeks
[image2 @ 000001ea0899bcc0] Opening 'C:/Users/Rafio/Documents/Drawings/PitbullAnimations/IdleFoxS0191.png' for reading
[file @ 000001ea08c2e180] Setting default whitelist 'file,crypto,data'
[libx264 @ 000001ea08a47940] frame= 135 QP=12.00 NAL=2 Slice:P Poc:270 I:0    P:0    SKIP:16   size=10 bytes
[AVIOContext @ 000001ea08a17000] Statistics: 1188 bytes read, 0 seeks
[image2 @ 000001ea0899bcc0] Opening 'C:/Users/Rafio/Documents/Drawings/PitbullAnimations/IdleFoxS0192.png' for reading
[file @ 000001ea08c2e180] Setting default whitelist 'file,crypto,data'
[libx264 @ 000001ea08a47940] frame= 136 QP=12.00 NAL=2 Slice:P Poc:272 I:0    P:0    SKIP:16   size=10 bytes
[AVIOContext @ 000001ea08a16ec0] Statistics: 1188 bytes read, 0 seeks
[image2 @ 000001ea0899bcc0] Opening 'C:/Users/Rafio/Documents/Drawings/PitbullAnimations/IdleFoxS0193.png' for reading
[file @ 000001ea08c2e180] Setting default whitelist 'file,crypto,data'
[libx264 @ 000001ea08a47940] frame= 137 QP=12.00 NAL=2 Slice:P Poc:274 I:0    P:0    SKIP:16   size=10 bytes
[AVIOContext @ 000001ea08a16c00] Statistics: 1188 bytes read, 0 seeks
[image2 @ 000001ea0899bcc0] Opening 'C:/Users/Rafio/Documents/Drawings/PitbullAnimations/IdleFoxS0194.png' for reading
[file @ 000001ea08c2e180] Setting default whitelist 'file,crypto,data'
[libx264 @ 000001ea08a47940] frame= 138 QP=12.00 NAL=2 Slice:P Poc:276 I:0    P:0    SKIP:16   size=10 bytes
[AVIOContext @ 000001ea08a16d40] Statistics: 1188 bytes read, 0 seeks
[image2 @ 000001ea0899bcc0] Opening 'C:/Users/Rafio/Documents/Drawings/PitbullAnimations/IdleFoxS0195.png' for reading
[file @ 000001ea08c2e580] Setting default whitelist 'file,crypto,data'
[libx264 @ 000001ea08a47940] frame= 139 QP=12.00 NAL=2 Slice:P Poc:278 I:0    P:0    SKIP:16   size=10 bytes
[AVIOContext @ 000001ea08a16d40] Statistics: 1188 bytes read, 0 seeks
[image2 @ 000001ea0899bcc0] Opening 'C:/Users/Rafio/Documents/Drawings/PitbullAnimations/IdleFoxS0196.png' for reading
[file @ 000001ea08c2ea80] Setting default whitelist 'file,crypto,data'
[libx264 @ 000001ea08a47940] frame= 140 QP=21.06 NAL=2 Slice:P Poc:280 I:0    P:3    SKIP:13   size=160 bytes
[AVIOContext @ 000001ea08a16c00] Statistics: 1188 bytes read, 0 seeks
[image2 @ 000001ea0899bcc0] Opening 'C:/Users/Rafio/Documents/Drawings/PitbullAnimations/IdleFoxS0197.png' for reading
[file @ 000001ea08c2e180] Setting default whitelist 'file,crypto,data'
[libx264 @ 000001ea08a47940] frame= 141 QP=20.06 NAL=2 Slice:P Poc:282 I:0    P:2    SKIP:14   size=127 bytes
[AVIOContext @ 000001ea08a16ec0] Statistics: 1188 bytes read, 0 seeks
[image2 @ 000001ea0899bcc0] Opening 'C:/Users/Rafio/Documents/Drawings/PitbullAnimations/IdleFoxS0198.png' for reading
[file @ 000001ea08c2e580] Setting default whitelist 'file,crypto,data'
[libx264 @ 000001ea08a47940] frame= 142 QP=19.44 NAL=2 Slice:P Poc:284 I:0    P:2    SKIP:14   size=132 bytes
[AVIOContext @ 000001ea08a16a80] Statistics: 1188 bytes read, 0 seeks
[image2 @ 000001ea0899bcc0] Opening 'C:/Users/Rafio/Documents/Drawings/PitbullAnimations/IdleFoxS0199.png' for reading
[file @ 000001ea08c2ea80] Setting default whitelist 'file,crypto,data'
[libx264 @ 000001ea08a47940] frame= 143 QP=22.25 NAL=2 Slice:P Poc:286 I:0    P:1    SKIP:15   size=24 bytes
[AVIOContext @ 000001ea08a16c00] Statistics: 1188 bytes read, 0 seeks
[image2 @ 000001ea0899bcc0] Opening 'C:/Users/Rafio/Documents/Drawings/PitbullAnimations/IdleFoxS0200.png' for reading
[file @ 000001ea08c2ea80] Setting default whitelist 'file,crypto,data'
[libx264 @ 000001ea08a47940] frame= 144 QP=10.00 NAL=2 Slice:P Poc:288 I:0    P:0    SKIP:16   size=10 bytes
[AVIOContext @ 000001ea08a16d40] Statistics: 1188 bytes read, 0 seeks
[image2 @ 000001ea0899bcc0] Opening 'C:/Users/Rafio/Documents/Drawings/PitbullAnimations/IdleFoxS0201.png' for reading
[file @ 000001ea08c2e180] Setting default whitelist 'file,crypto,data'
[libx264 @ 000001ea08a47940] frame= 145 QP=22.19 NAL=2 Slice:P Poc:290 I:0    P:4    SKIP:12   size=96 bytes
[AVIOContext @ 000001ea08a16c00] Statistics: 1188 bytes read, 0 seeks
[image2 @ 000001ea0899bcc0] Opening 'C:/Users/Rafio/Documents/Drawings/PitbullAnimations/IdleFoxS0202.png' for reading
[file @ 000001ea08c2e180] Setting default whitelist 'file,crypto,data'
[libx264 @ 000001ea08a47940] frame= 146 QP=12.00 NAL=2 Slice:P Poc:292 I:0    P:0    SKIP:16   size=10 bytes
[AVIOContext @ 000001ea08a16c00] Statistics: 1188 bytes read, 0 seeks
[image2 @ 000001ea0899bcc0] Opening 'C:/Users/Rafio/Documents/Drawings/PitbullAnimations/IdleFoxS0203.png' for reading
[file @ 000001ea08c2e180] Setting default whitelist 'file,crypto,data'
[libx264 @ 000001ea08a47940] frame= 147 QP=21.31 NAL=2 Slice:P Poc:294 I:0    P:4    SKIP:12   size=108 bytes
[AVIOContext @ 000001ea08a17000] Statistics: 1188 bytes read, 0 seeks
[image2 @ 000001ea0899bcc0] Opening 'C:/Users/Rafio/Documents/Drawings/PitbullAnimations/IdleFoxS0204.png' for reading
[file @ 000001ea08c2e180] Setting default whitelist 'file,crypto,data'
[libx264 @ 000001ea08a47940] frame= 148 QP=12.00 NAL=2 Slice:P Poc:296 I:0    P:0    SKIP:16   size=10 bytes
[AVIOContext @ 000001ea08a17000] Statistics: 1188 bytes read, 0 seeks
[image2 @ 000001ea0899bcc0] Opening 'C:/Users/Rafio/Documents/Drawings/PitbullAnimations/IdleFoxS0205.png' for reading
[file @ 000001ea08c2ea80] Setting default whitelist 'file,crypto,data'
[libx264 @ 000001ea08a47940] frame= 149 QP=18.25 NAL=2 Slice:P Poc:298 I:1    P:1    SKIP:14   size=85 bytes
[AVIOContext @ 000001ea08a16ec0] Statistics: 1188 bytes read, 0 seeks
[image2 @ 000001ea0899bcc0] Opening 'C:/Users/Rafio/Documents/Drawings/PitbullAnimations/IdleFoxS0206.png' for reading
[file @ 000001ea08c2e580] Setting default whitelist 'file,crypto,data'
[libx264 @ 000001ea08a47940] frame= 150 QP=12.00 NAL=2 Slice:P Poc:300 I:0    P:0    SKIP:16   size=10 bytes
[AVIOContext @ 000001ea08a16d40] Statistics: 1188 bytes read, 0 seeks
[image2 @ 000001ea0899bcc0] Opening 'C:/Users/Rafio/Documents/Drawings/PitbullAnimations/IdleFoxS0207.png' for reading
[file @ 000001ea08c2e580] Setting default whitelist 'file,crypto,data'
[libx264 @ 000001ea08a47940] frame= 151 QP=17.25 NAL=2 Slice:P Poc:302 I:0    P:2    SKIP:14   size=63 bytes
[AVIOContext @ 000001ea08a16ec0] Statistics: 1188 bytes read, 0 seeks
[image2 @ 000001ea0899bcc0] Opening 'C:/Users/Rafio/Documents/Drawings/PitbullAnimations/IdleFoxS0208.png' for reading
[file @ 000001ea08c2e180] Setting default whitelist 'file,crypto,data'
[libx264 @ 000001ea08a47940] frame= 152 QP=12.00 NAL=2 Slice:P Poc:304 I:0    P:0    SKIP:16   size=10 bytes
[AVIOContext @ 000001ea08a16d40] Statistics: 1188 bytes read, 0 seeks
[image2 @ 000001ea0899bcc0] Opening 'C:/Users/Rafio/Documents/Drawings/PitbullAnimations/IdleFoxS0209.png' for reading
[file @ 000001ea08c2e180] Setting default whitelist 'file,crypto,data'
[libx264 @ 000001ea08a47940] frame= 153 QP=16.81 NAL=2 Slice:P Poc:306 I:0    P:1    SKIP:15   size=27 bytes
[AVIOContext @ 000001ea08a17000] Statistics: 1188 bytes read, 0 seeks
[image2 @ 000001ea0899bcc0] Opening 'C:/Users/Rafio/Documents/Drawings/PitbullAnimations/IdleFoxS0210.png' for reading
[file @ 000001ea08c2cc80] Setting default whitelist 'file,crypto,data'
[libx264 @ 000001ea08a47940] frame= 154 QP=12.00 NAL=2 Slice:P Poc:308 I:0    P:0    SKIP:16   size=10 bytes
[AVIOContext @ 000001ea08a16a80] Statistics: 1188 bytes read, 0 seeks
[image2 @ 000001ea0899bcc0] Opening 'C:/Users/Rafio/Documents/Drawings/PitbullAnimations/IdleFoxS0211.png' for reading
[file @ 000001ea08c2ea80] Setting default whitelist 'file,crypto,data'
[libx264 @ 000001ea08a47940] frame= 155 QP=12.00 NAL=2 Slice:P Poc:310 I:0    P:0    SKIP:16   size=10 bytes
[AVIOContext @ 000001ea08a16c00] Statistics: 1188 bytes read, 0 seeks
[image2 @ 000001ea0899bcc0] Opening 'C:/Users/Rafio/Documents/Drawings/PitbullAnimations/IdleFoxS0212.png' for reading
[file @ 000001ea08c2ea80] Setting default whitelist 'file,crypto,data'
[libx264 @ 000001ea08a47940] frame= 156 QP=12.00 NAL=2 Slice:P Poc:312 I:0    P:0    SKIP:16   size=10 bytes
[AVIOContext @ 000001ea08a16c00] Statistics: 1188 bytes read, 0 seeks
[image2 @ 000001ea0899bcc0] Opening 'C:/Users/Rafio/Documents/Drawings/PitbullAnimations/IdleFoxS0213.png' for reading
[file @ 000001ea08c2e180] Setting default whitelist 'file,crypto,data'
[libx264 @ 000001ea08a47940] frame= 157 QP=12.00 NAL=2 Slice:P Poc:314 I:0    P:0    SKIP:16   size=10 bytes
[AVIOContext @ 000001ea08a17000] Statistics: 1188 bytes read, 0 seeks
[image2 @ 000001ea0899bcc0] Opening 'C:/Users/Rafio/Documents/Drawings/PitbullAnimations/IdleFoxS0214.png' for reading
[file @ 000001ea08c2e180] Setting default whitelist 'file,crypto,data'
[libx264 @ 000001ea08a47940] frame= 158 QP=12.00 NAL=2 Slice:P Poc:316 I:0    P:0    SKIP:16   size=10 bytes
[AVIOContext @ 000001ea08a17000] Statistics: 1188 bytes read, 0 seeks
[image2 @ 000001ea0899bcc0] Opening 'C:/Users/Rafio/Documents/Drawings/PitbullAnimations/IdleFoxS0215.png' for reading
[file @ 000001ea08c2e180] Setting default whitelist 'file,crypto,data'
[libx264 @ 000001ea08a47940] frame= 159 QP=12.00 NAL=2 Slice:P Poc:318 I:0    P:0    SKIP:16   size=10 bytes
[AVIOContext @ 000001ea08a16a80] Statistics: 1188 bytes read, 0 seeks
[image2 @ 000001ea0899bcc0] Opening 'C:/Users/Rafio/Documents/Drawings/PitbullAnimations/IdleFoxS0216.png' for reading
[file @ 000001ea08c2e180] Setting default whitelist 'file,crypto,data'
[libx264 @ 000001ea08a47940] frame= 160 QP=12.00 NAL=2 Slice:P Poc:320 I:0    P:0    SKIP:16   size=10 bytes
[AVIOContext @ 000001ea08a16d40] Statistics: 1188 bytes read, 0 seeks
[image2 @ 000001ea0899bcc0] Opening 'C:/Users/Rafio/Documents/Drawings/PitbullAnimations/IdleFoxS0217.png' for reading
[file @ 000001ea08c2e180] Setting default whitelist 'file,crypto,data'
[libx264 @ 000001ea08a47940] frame= 161 QP=12.00 NAL=2 Slice:P Poc:322 I:0    P:0    SKIP:16   size=10 bytes
[AVIOContext @ 000001ea08a16c00] Statistics: 1188 bytes read, 0 seeks
[image2 @ 000001ea0899bcc0] Opening 'C:/Users/Rafio/Documents/Drawings/PitbullAnimations/IdleFoxS0218.png' for reading
[file @ 000001ea08c2e180] Setting default whitelist 'file,crypto,data'
[libx264 @ 000001ea08a47940] frame= 162 QP=12.00 NAL=2 Slice:P Poc:324 I:0    P:0    SKIP:16   size=10 bytes
[AVIOContext @ 000001ea08a16ec0] Statistics: 1188 bytes read, 0 seeks
[image2 @ 000001ea0899bcc0] Opening 'C:/Users/Rafio/Documents/Drawings/PitbullAnimations/IdleFoxS0219.png' for reading
[file @ 000001ea08c2e580] Setting default whitelist 'file,crypto,data'
[libx264 @ 000001ea08a47940] frame= 163 QP=12.00 NAL=2 Slice:P Poc:326 I:0    P:0    SKIP:16   size=10 bytes
[AVIOContext @ 000001ea08a16d40] Statistics: 1188 bytes read, 0 seeks
[image2 @ 000001ea0899bcc0] Opening 'C:/Users/Rafio/Documents/Drawings/PitbullAnimations/IdleFoxS0220.png' for reading
[file @ 000001ea08c2ea80] Setting default whitelist 'file,crypto,data'
[libx264 @ 000001ea08a47940] frame= 164 QP=12.00 NAL=2 Slice:P Poc:328 I:0    P:0    SKIP:16   size=10 bytes
[AVIOContext @ 000001ea08a16ec0] Statistics: 1188 bytes read, 0 seeks
[in#0/image2 @ 000001ea0899bb00] EOF while reading input
[in#0/image2 @ 000001ea0899bb00] Terminating demuxer thread
[libx264 @ 000001ea08a47940] frame= 165 QP=12.00 NAL=2 Slice:P Poc:330 I:0    P:0    SKIP:16   size=10 bytes
[libx264 @ 000001ea08a47940] frame= 166 QP=12.00 NAL=2 Slice:P Poc:332 I:0    P:0    SKIP:16   size=10 bytes
[libx264 @ 000001ea08a47940] frame= 167 QP=12.00 NAL=2 Slice:P Poc:334 I:0    P:0    SKIP:16   size=10 bytes
[libx264 @ 000001ea08a47940] frame= 168 QP=12.00 NAL=2 Slice:P Poc:336 I:0    P:0    SKIP:16   size=10 bytes
[libx264 @ 000001ea08a47940] frame= 169 QP=12.00 NAL=2 Slice:P Poc:338 I:0    P:0    SKIP:16   size=10 bytes
[libx264 @ 000001ea08a47940] frame= 170 QP=12.00 NAL=2 Slice:P Poc:340 I:0    P:0    SKIP:16   size=10 bytes
[libx264 @ 000001ea08a47940] frame= 171 QP=12.00 NAL=2 Slice:P Poc:342 I:0    P:0    SKIP:16   size=10 bytes
[libx264 @ 000001ea08a47940] frame= 172 QP=12.00 NAL=2 Slice:P Poc:344 I:0    P:0    SKIP:16   size=10 bytes
[libx264 @ 000001ea08a47940] frame= 173 QP=12.00 NAL=2 Slice:P Poc:346 I:0    P:0    SKIP:16   size=10 bytes
[libx264 @ 000001ea08a47940] frame= 174 QP=12.00 NAL=2 Slice:P Poc:348 I:0    P:0    SKIP:16   size=10 bytes
[libx264 @ 000001ea08a47940] frame= 175 QP=12.00 NAL=2 Slice:P Poc:350 I:0    P:0    SKIP:16   size=10 bytes
[libx264 @ 000001ea08a47940] frame= 176 QP=12.00 NAL=2 Slice:P Poc:352 I:0    P:0    SKIP:16   size=10 bytes
[libx264 @ 000001ea08a47940] frame= 177 QP=12.00 NAL=2 Slice:P Poc:354 I:0    P:0    SKIP:16   size=10 bytes
[out_0_0 @ 000001ea08b59340] EOF on sink link out_0_0:default.
No more output streams to write to, finishing.
[libx264 @ 000001ea08a47940] frame= 178 QP=12.00 NAL=2 Slice:P Poc:356 I:0    P:0    SKIP:16   size=10 bytes
[libx264 @ 000001ea08a47940] frame= 179 QP=12.00 NAL=2 Slice:P Poc:358 I:0    P:0    SKIP:16   size=10 bytes
[libx264 @ 000001ea08a47940] frame= 180 QP=17.81 NAL=2 Slice:P Poc:360 I:0    P:3    SKIP:13   size=57 bytes
[libx264 @ 000001ea08a47940] frame= 181 QP=12.00 NAL=2 Slice:P Poc:362 I:0    P:0    SKIP:16   size=10 bytes
[libx264 @ 000001ea08a47940] frame= 182 QP=12.00 NAL=2 Slice:P Poc:364 I:0    P:0    SKIP:16   size=10 bytes
[libx264 @ 000001ea08a47940] frame= 183 QP=12.00 NAL=2 Slice:P Poc:366 I:0    P:0    SKIP:16   size=10 bytes
[libx264 @ 000001ea08a47940] frame= 184 QP=12.00 NAL=2 Slice:P Poc:368 I:0    P:0    SKIP:16   size=10 bytes
[libx264 @ 000001ea08a47940] frame= 185 QP=17.31 NAL=2 Slice:P Poc:370 I:0    P:3    SKIP:13   size=61 bytes
[libx264 @ 000001ea08a47940] frame= 186 QP=12.00 NAL=2 Slice:P Poc:372 I:0    P:1    SKIP:15   size=14 bytes
[libx264 @ 000001ea08a47940] frame= 187 QP=12.00 NAL=2 Slice:P Poc:374 I:0    P:0    SKIP:16   size=10 bytes
[libx264 @ 000001ea08a47940] frame= 188 QP=12.00 NAL=2 Slice:P Poc:376 I:0    P:0    SKIP:16   size=10 bytes
[libx264 @ 000001ea08a47940] frame= 189 QP=12.00 NAL=2 Slice:P Poc:378 I:0    P:0    SKIP:16   size=10 bytes
[libx264 @ 000001ea08a47940] frame= 190 QP=12.00 NAL=2 Slice:P Poc:380 I:0    P:0    SKIP:16   size=10 bytes
[libx264 @ 000001ea08a47940] frame= 191 QP=12.00 NAL=2 Slice:P Poc:382 I:0    P:0    SKIP:16   size=10 bytes
[libx264 @ 000001ea08a47940] frame= 192 QP=12.00 NAL=2 Slice:P Poc:384 I:0    P:0    SKIP:16   size=10 bytes
[libx264 @ 000001ea08a47940] frame= 193 QP=12.00 NAL=2 Slice:P Poc:386 I:0    P:0    SKIP:16   size=10 bytes
[libx264 @ 000001ea08a47940] frame= 194 QP=12.00 NAL=2 Slice:P Poc:388 I:0    P:0    SKIP:16   size=10 bytes
[libx264 @ 000001ea08a47940] frame= 195 QP=12.00 NAL=2 Slice:P Poc:390 I:0    P:0    SKIP:16   size=10 bytes
[libx264 @ 000001ea08a47940] frame= 196 QP=12.00 NAL=2 Slice:P Poc:392 I:0    P:0    SKIP:16   size=10 bytes
[libx264 @ 000001ea08a47940] frame= 197 QP=12.00 NAL=2 Slice:P Poc:394 I:0    P:0    SKIP:16   size=10 bytes
[libx264 @ 000001ea08a47940] frame= 198 QP=12.00 NAL=2 Slice:P Poc:396 I:0    P:0    SKIP:16   size=10 bytes
[libx264 @ 000001ea08a47940] frame= 199 QP=12.00 NAL=2 Slice:P Poc:398 I:0    P:0    SKIP:16   size=10 bytes
[libx264 @ 000001ea08a47940] frame= 200 QP=12.00 NAL=2 Slice:P Poc:400 I:0    P:0    SKIP:16   size=10 bytes
[libx264 @ 000001ea08a47940] frame= 201 QP=12.00 NAL=2 Slice:P Poc:402 I:0    P:0    SKIP:16   size=10 bytes
[libx264 @ 000001ea08a47940] frame= 202 QP=12.00 NAL=2 Slice:P Poc:404 I:0    P:0    SKIP:16   size=10 bytes
[libx264 @ 000001ea08a47940] frame= 203 QP=12.00 NAL=2 Slice:P Poc:406 I:0    P:0    SKIP:16   size=10 bytes
[libx264 @ 000001ea08a47940] frame= 204 QP=12.00 NAL=2 Slice:P Poc:408 I:0    P:0    SKIP:16   size=10 bytes
[libx264 @ 000001ea08a47940] frame= 205 QP=12.00 NAL=2 Slice:P Poc:410 I:0    P:0    SKIP:16   size=10 bytes
[libx264 @ 000001ea08a47940] frame= 206 QP=12.00 NAL=2 Slice:P Poc:412 I:0    P:0    SKIP:16   size=10 bytes
[libx264 @ 000001ea08a47940] frame= 207 QP=12.00 NAL=2 Slice:P Poc:414 I:0    P:0    SKIP:16   size=10 bytes
[libx264 @ 000001ea08a47940] frame= 208 QP=12.00 NAL=2 Slice:P Poc:416 I:0    P:0    SKIP:16   size=10 bytes
[libx264 @ 000001ea08a47940] frame= 209 QP=12.00 NAL=2 Slice:P Poc:418 I:0    P:0    SKIP:16   size=10 bytes
[libx264 @ 000001ea08a47940] frame= 210 QP=12.00 NAL=2 Slice:P Poc:420 I:0    P:0    SKIP:16   size=10 bytes
[libx264 @ 000001ea08a47940] frame= 211 QP=12.00 NAL=2 Slice:P Poc:422 I:0    P:0    SKIP:16   size=10 bytes
[libx264 @ 000001ea08a47940] frame= 212 QP=12.00 NAL=2 Slice:P Poc:424 I:0    P:0    SKIP:16   size=10 bytes
[libx264 @ 000001ea08a47940] frame= 213 QP=12.00 NAL=2 Slice:P Poc:426 I:0    P:0    SKIP:16   size=10 bytes
[libx264 @ 000001ea08a47940] frame= 214 QP=12.00 NAL=2 Slice:P Poc:428 I:0    P:0    SKIP:16   size=10 bytes
[libx264 @ 000001ea08a47940] frame= 215 QP=12.00 NAL=2 Slice:P Poc:430 I:0    P:0    SKIP:16   size=10 bytes
[libx264 @ 000001ea08a47940] frame= 216 QP=12.00 NAL=2 Slice:P Poc:432 I:0    P:0    SKIP:16   size=10 bytes
[libx264 @ 000001ea08a47940] frame= 217 QP=12.00 NAL=2 Slice:P Poc:434 I:0    P:0    SKIP:16   size=10 bytes
[libx264 @ 000001ea08a47940] frame= 218 QP=12.00 NAL=2 Slice:P Poc:436 I:0    P:0    SKIP:16   size=10 bytes
[libx264 @ 000001ea08a47940] frame= 219 QP=13.00 NAL=2 Slice:P Poc:438 I:0    P:0    SKIP:16   size=10 bytes
[libx264 @ 000001ea08a47940] frame= 220 QP=14.00 NAL=2 Slice:P Poc:440 I:0    P:0    SKIP:16   size=10 bytes
[out#0/mp4 @ 000001ea0899ba00] All streams finished
[out#0/mp4 @ 000001ea0899ba00] Terminating muxer thread
[AVIOContext @ 000001ea08a5d100] Statistics: 7133 bytes written, 2 seeks, 4 writeouts
[out#0/mp4 @ 000001ea0899ba00] Output file #0 (C:/Users/Rafio/Documents/Drawings/PitbullAnimations/PREIdlePitbullS.mp4):
[out#0/mp4 @ 000001ea0899ba00]   Output stream #0:0 (video): 221 frames encoded; 221 packets muxed (5391 bytes); 
[out#0/mp4 @ 000001ea0899ba00]   Total: 221 packets (5391 bytes) muxed
[out#0/mp4 @ 000001ea0899ba00] video:5kB audio:0kB subtitle:0kB other streams:0kB global headers:0kB muxing overhead: 32.238917%
frame=  221 fps=0.0 q=-1.0 Lsize=       7kB time=00:00:07.33 bitrate=   7.8kbits/s speed=95.2x    
[AVIOContext @ 000001ea0899b840] Statistics: 412 bytes written, 0 seeks, 2 writeouts
221 frames successfully decoded, 0 decoding errors
[libx264 @ 000001ea08a47940] frame I:1     Avg QP:16.75  size:   499
[libx264 @ 000001ea08a47940] frame P:220   Avg QP:13.00  size:    19
[libx264 @ 000001ea08a47940] mb I  I16..4: 50.0%  0.0% 50.0%
[libx264 @ 000001ea08a47940] mb P  I16..4:  0.0%  0.0%  0.1%  P16..4:  1.5%  0.4%  0.2%  0.0%  0.0%    skip:97.8%
[libx264 @ 000001ea08a47940] coded y,uvDC,uvAC intra: 25.0% 50.0% 44.4% inter: 0.8% 1.0% 0.7%
[libx264 @ 000001ea08a47940] i16 v,h,dc,p: 75%  0% 25%  0%
[libx264 @ 000001ea08a47940] i4 v,h,dc,ddl,ddr,vr,hd,vl,hu: 17%  9% 58%  2%  2%  5%  1%  4%  2%
[libx264 @ 000001ea08a47940] i8c dc,h,v,p: 67% 17% 11%  6%
[libx264 @ 000001ea08a47940] ref P L0: 82.3%  0.3% 17.3%
[libx264 @ 000001ea08a47940] kb/s:5.17
[in#0/image2 @ 000001ea0899bb00] Input file #0 (C:/Users/Rafio/Documents/Drawings/PitbullAnimations/IdleFoxS%04d.png):
[in#0/image2 @ 000001ea0899bb00]   Input stream #0:0 (video): 221 packets read (272989 bytes); 221 frames decoded; 
[in#0/image2 @ 000001ea0899bb00]   Total: 221 packets (272989 bytes) demuxed
